<?xml version="1.0" encoding="UTF-8"?>
<testsuite xmlns:xsi="http://www.w3.org/2001/XMLSchema-instance" xsi:noNamespaceSchemaLocation="https://maven.apache.org/surefire/maven-surefire-plugin/xsd/surefire-test-report-3.0.xsd" version="3.0" name="com.projet.testing.vehicule.JwtUtilTest" time="161.84" tests="7" errors="0" skipped="0" failures="0">
  <properties>
[...]
</properties>
  <testcase name="testIsTokenExpired_NotExpired" classname="com.projet.testing.vehicule.JwtUtilTest" time="12.164">
    <system-out><![CDATA[09:39:16.890 [main] INFO org.springframework.test.context.support.AnnotationConfigContextLoaderUtils -- Could not detect default configuration classes for test class [com.projet.testing.vehicule.JwtUtilTest]: JwtUtilTest does not declare any static, non-private, non-final, nested classes annotated with @Configuration.
09:39:17.292 [main] INFO org.springframework.boot.test.context.SpringBootTestContextBootstrapper -- Found @SpringBootConfiguration com.projet.testing.vehicule.VehiculeApplication for test class com.projet.testing.vehicule.JwtUtilTest

  .   ____          _            __ _ _
 /\\ / ___'_ __ _ _(_)_ __  __ _ \ \ \ \
( ( )\___ | '_ | '_| | '_ \/ _` | \ \ \ \
 \\/  ___)| |_)| | | | | || (_| |  ) ) ) )
  '  |____| .__|_| |_|_| |_\__, | / / / /
 =========|_|==============|___/=/_/_/_/

 :: Spring Boot ::                (v3.3.4)

2025-06-25T09:39:18.831+01:00  INFO 7182 --- [vehicule] [           main] c.projet.testing.vehicule.JwtUtilTest    : Starting JwtUtilTest using Java 21.0.6 with PID 7182 (started by danilo in /home/danilo/INF352/projet/vehicule)
2025-06-25T09:39:18.834+01:00  INFO 7182 --- [vehicule] [           main] c.projet.testing.vehicule.JwtUtilTest    : No active profile set, falling back to 1 default profile: "default"
2025-06-25T09:39:22.585+01:00  INFO 7182 --- [vehicule] [           main] .s.d.r.c.RepositoryConfigurationDelegate : Bootstrapping Spring Data JPA repositories in DEFAULT mode.
2025-06-25T09:39:23.031+01:00  INFO 7182 --- [vehicule] [           main] .s.d.r.c.RepositoryConfigurationDelegate : Finished Spring Data repository scanning in 420 ms. Found 6 JPA repository interfaces.
2025-06-25T09:39:26.984+01:00  INFO 7182 --- [vehicule] [           main] o.hibernate.jpa.internal.util.LogHelper  : HHH000204: Processing PersistenceUnitInfo [name: default]
2025-06-25T09:39:27.133+01:00  INFO 7182 --- [vehicule] [           main] org.hibernate.Version                    : HHH000412: Hibernate ORM core version 6.5.3.Final
2025-06-25T09:39:27.213+01:00  INFO 7182 --- [vehicule] [           main] o.h.c.internal.RegionFactoryInitiator    : HHH000026: Second-level cache disabled
2025-06-25T09:39:28.144+01:00  INFO 7182 --- [vehicule] [           main] o.s.o.j.p.SpringPersistenceUnitInfo      : No LoadTimeWeaver setup: ignoring JPA class transformer
2025-06-25T09:39:28.289+01:00  INFO 7182 --- [vehicule] [           main] com.zaxxer.hikari.HikariDataSource       : HikariPool-1 - Starting...
2025-06-25T09:39:42.672+01:00  INFO 7182 --- [vehicule] [           main] com.zaxxer.hikari.pool.HikariPool        : HikariPool-1 - Added connection org.postgresql.jdbc.PgConnection@19d118d5
2025-06-25T09:39:42.811+01:00  INFO 7182 --- [vehicule] [           main] com.zaxxer.hikari.HikariDataSource       : HikariPool-1 - Start completed.
2025-06-25T09:39:48.003+01:00  WARN 7182 --- [vehicule] [           main] org.hibernate.orm.deprecation            : HHH90000025: PostgreSQLDialect does not need to be specified explicitly using 'hibernate.dialect' (remove the property setting and it will be selected by default)
2025-06-25T09:40:57.235+01:00  INFO 7182 --- [vehicule] [           main] o.h.e.t.j.p.i.JtaPlatformInitiator       : HHH000489: No JTA platform available (set 'hibernate.transaction.jta.platform' to enable JTA platform integration)
2025-06-25T09:41:00.773+01:00  INFO 7182 --- [vehicule] [           main] j.LocalContainerEntityManagerFactoryBean : Initialized JPA EntityManagerFactory for persistence unit 'default'
2025-06-25T09:41:25.015+01:00  WARN 7182 --- [vehicule] [           main] JpaBaseConfiguration$JpaWebConfiguration : spring.jpa.open-in-view is enabled by default. Therefore, database queries may be performed during view rendering. Explicitly configure spring.jpa.open-in-view to disable this warning
2025-06-25T09:41:25.531+01:00  WARN 7182 --- [vehicule] [           main] .s.s.UserDetailsServiceAutoConfiguration : 

Using generated security password: afc4de05-b8f5-4400-a6f6-06a603f04391

This generated password is for development use only. Your security configuration must be updated before running your application in production.

2025-06-25T09:41:25.663+01:00  INFO 7182 --- [vehicule] [           main] r$InitializeUserDetailsManagerConfigurer : Global AuthenticationManager configured with UserDetailsService bean with name inMemoryUserDetailsManager
2025-06-25T09:41:38.950+01:00  INFO 7182 --- [vehicule] [           main] c.projet.testing.vehicule.JwtUtilTest    : Started JwtUtilTest in 140.929 seconds (process running for 145.15)
]]></system-out>
    <system-err><![CDATA[WARNING: A Java agent has been loaded dynamically (/home/danilo/.m2/repository/net/bytebuddy/byte-buddy-agent/1.14.19/byte-buddy-agent-1.14.19.jar)
WARNING: If a serviceability tool is in use, please run with -XX:+EnableDynamicAgentLoading to hide this warning
WARNING: If a serviceability tool is not in use, please run with -Djdk.instrument.traceUsage for more information
WARNING: Dynamic loading of agents will be disallowed by default in a future release
]]></system-err>
  </testcase>
  <testcase name="testExtractClaims" classname="com.projet.testing.vehicule.JwtUtilTest" time="0.114"/>
  <testcase name="testGenerateRefreshToken" classname="com.projet.testing.vehicule.JwtUtilTest" time="0.052"/>
  <testcase name="testIsTokenValid_ValidToken" classname="com.projet.testing.vehicule.JwtUtilTest" time="0.025"/>
  <testcase name="testExtractSubject" classname="com.projet.testing.vehicule.JwtUtilTest" time="0.016"/>
  <testcase name="testGenerateAccessToken" classname="com.projet.testing.vehicule.JwtUtilTest" time="0.012"/>
  <testcase name="testIsTokenValid_InvalidToken" classname="com.projet.testing.vehicule.JwtUtilTest" time="0.009"/>
</testsuite>