<?xml version="1.0" encoding="UTF-8"?>
<testsuite xmlns:xsi="http://www.w3.org/2001/XMLSchema-instance" xsi:noNamespaceSchemaLocation="https://maven.apache.org/surefire/maven-surefire-plugin/xsd/surefire-test-report-3.0.xsd" version="3.0" name="com.projet.testing.vehicule.UserServiceTest" time="4.82" tests="9" errors="0" skipped="0" failures="0">
  <properties>
[...]
</properties>
  <testcase name="testCreateUserThrowsBusinessException" classname="com.projet.testing.vehicule.UserServiceTest" time="0.395">
    <system-out><![CDATA[2025-07-01T02:16:25.436+01:00  INFO 11817 --- [vehicule] [           main] t.c.s.AnnotationConfigContextLoaderUtils : Could not detect default configuration classes for test class [com.projet.testing.vehicule.UserServiceTest]: UserServiceTest does not declare any static, non-private, non-final, nested classes annotated with @Configuration.
2025-07-01T02:16:25.441+01:00  INFO 11817 --- [vehicule] [           main] .b.t.c.SpringBootTestContextBootstrapper : Found @SpringBootConfiguration com.projet.testing.vehicule.VehiculeApplication for test class com.projet.testing.vehicule.UserServiceTest

  .   ____          _            __ _ _
 /\\ / ___'_ __ _ _(_)_ __  __ _ \ \ \ \
( ( )\___ | '_ | '_| | '_ \/ _` | \ \ \ \
 \\/  ___)| |_)| | | | | || (_| |  ) ) ) )
  '  |____| .__|_| |_|_| |_\__, | / / / /
 =========|_|==============|___/=/_/_/_/

 :: Spring Boot ::                (v3.3.4)

2025-07-01T02:16:25.549+01:00  INFO 11817 --- [vehicule] [           main] c.p.testing.vehicule.UserServiceTest     : Starting UserServiceTest using Java 21.0.6 with PID 11817 (started by danilo in /home/danilo/INF352/projetF/vehicule)
2025-07-01T02:16:25.549+01:00  INFO 11817 --- [vehicule] [           main] c.p.testing.vehicule.UserServiceTest     : The following 1 profile is active: "test"
2025-07-01T02:16:26.007+01:00  INFO 11817 --- [vehicule] [           main] .s.d.r.c.RepositoryConfigurationDelegate : Bootstrapping Spring Data JPA repositories in DEFAULT mode.
2025-07-01T02:16:26.028+01:00  INFO 11817 --- [vehicule] [           main] .s.d.r.c.RepositoryConfigurationDelegate : Finished Spring Data repository scanning in 20 ms. Found 6 JPA repository interfaces.
2025-07-01T02:16:26.218+01:00  INFO 11817 --- [vehicule] [           main] o.hibernate.jpa.internal.util.LogHelper  : HHH000204: Processing PersistenceUnitInfo [name: default]
2025-07-01T02:16:26.221+01:00  INFO 11817 --- [vehicule] [           main] o.h.c.internal.RegionFactoryInitiator    : HHH000026: Second-level cache disabled
2025-07-01T02:16:26.233+01:00  INFO 11817 --- [vehicule] [           main] o.s.o.j.p.SpringPersistenceUnitInfo      : No LoadTimeWeaver setup: ignoring JPA class transformer
2025-07-01T02:16:26.234+01:00  INFO 11817 --- [vehicule] [           main] com.zaxxer.hikari.HikariDataSource       : HikariPool-2 - Starting...
2025-07-01T02:16:27.048+01:00  INFO 11817 --- [vehicule] [           main] com.zaxxer.hikari.pool.HikariPool        : HikariPool-2 - Added connection conn0: url=jdbc:h2:mem:testdb user=SA
2025-07-01T02:16:27.048+01:00  INFO 11817 --- [vehicule] [           main] com.zaxxer.hikari.HikariDataSource       : HikariPool-2 - Start completed.
2025-07-01T02:16:27.059+01:00  WARN 11817 --- [vehicule] [           main] org.hibernate.orm.deprecation            : HHH90000025: H2Dialect does not need to be specified explicitly using 'hibernate.dialect' (remove the property setting and it will be selected by default)
2025-07-01T02:16:27.414+01:00  INFO 11817 --- [vehicule] [           main] o.h.e.t.j.p.i.JtaPlatformInitiator       : HHH000489: No JTA platform available (set 'hibernate.transaction.jta.platform' to enable JTA platform integration)
2025-07-01T02:16:27.417+01:00 DEBUG 11817 --- [vehicule] [           main] org.hibernate.SQL                        : drop table if exists images cascade 
Hibernate: drop table if exists images cascade 
2025-07-01T02:16:27.427+01:00 DEBUG 11817 --- [vehicule] [           main] org.hibernate.SQL                        : drop table if exists jwt cascade 
Hibernate: drop table if exists jwt cascade 
2025-07-01T02:16:27.427+01:00 DEBUG 11817 --- [vehicule] [           main] org.hibernate.SQL                        : drop table if exists refresh_token cascade 
Hibernate: drop table if exists refresh_token cascade 
2025-07-01T02:16:27.428+01:00 DEBUG 11817 --- [vehicule] [           main] org.hibernate.SQL                        : drop table if exists users cascade 
Hibernate: drop table if exists users cascade 
2025-07-01T02:16:27.429+01:00 DEBUG 11817 --- [vehicule] [           main] org.hibernate.SQL                        : drop table if exists vehicule cascade 
Hibernate: drop table if exists vehicule cascade 
2025-07-01T02:16:27.429+01:00 DEBUG 11817 --- [vehicule] [           main] org.hibernate.SQL                        : drop table if exists vehicule_images cascade 
Hibernate: drop table if exists vehicule_images cascade 
2025-07-01T02:16:27.430+01:00 DEBUG 11817 --- [vehicule] [           main] org.hibernate.SQL                        : drop sequence if exists jwt_seq
Hibernate: drop sequence if exists jwt_seq
2025-07-01T02:16:27.431+01:00 DEBUG 11817 --- [vehicule] [           main] org.hibernate.SQL                        : drop sequence if exists refresh_token_seq
Hibernate: drop sequence if exists refresh_token_seq
2025-07-01T02:16:27.438+01:00 DEBUG 11817 --- [vehicule] [           main] org.hibernate.SQL                        : create sequence jwt_seq start with 1 increment by 1
Hibernate: create sequence jwt_seq start with 1 increment by 1
2025-07-01T02:16:27.443+01:00 DEBUG 11817 --- [vehicule] [           main] org.hibernate.SQL                        : create sequence refresh_token_seq start with 1 increment by 1
Hibernate: create sequence refresh_token_seq start with 1 increment by 1
2025-07-01T02:16:27.456+01:00 DEBUG 11817 --- [vehicule] [           main] org.hibernate.SQL                        : create table images (id bigint generated by default as identity, vehicule_id uuid not null, chemin varchar(255), nom varchar(255), primary key (id))
Hibernate: create table images (id bigint generated by default as identity, vehicule_id uuid not null, chemin varchar(255), nom varchar(255), primary key (id))
2025-07-01T02:16:27.476+01:00 DEBUG 11817 --- [vehicule] [           main] org.hibernate.SQL                        : create table jwt (desactive boolean not null, expire boolean not null, id bigint not null, refresh_token_id bigint unique, utilisateur_id uuid, valeur varchar(255), primary key (id))
Hibernate: create table jwt (desactive boolean not null, expire boolean not null, id bigint not null, refresh_token_id bigint unique, utilisateur_id uuid, valeur varchar(255), primary key (id))
2025-07-01T02:16:27.481+01:00 DEBUG 11817 --- [vehicule] [           main] org.hibernate.SQL                        : create table refresh_token (expire boolean not null, create_at timestamp(6) not null, creation timestamp(6) with time zone, expiration timestamp(6) with time zone, id bigint not null, update_at timestamp(6), valeur varchar(255), primary key (id))
Hibernate: create table refresh_token (expire boolean not null, create_at timestamp(6) not null, creation timestamp(6) with time zone, expiration timestamp(6) with time zone, id bigint not null, update_at timestamp(6), valeur varchar(255), primary key (id))
2025-07-01T02:16:27.485+01:00 DEBUG 11817 --- [vehicule] [           main] org.hibernate.SQL                        : create table users (actif boolean not null, create_at timestamp(6) not null, delete_at timestamp(6), update_at timestamp(6), id uuid not null, email varchar(255), password varchar(255) not null, username varchar(255) not null, primary key (id))
Hibernate: create table users (actif boolean not null, create_at timestamp(6) not null, delete_at timestamp(6), update_at timestamp(6), id uuid not null, email varchar(255), password varchar(255) not null, username varchar(255) not null, primary key (id))
2025-07-01T02:16:27.489+01:00 DEBUG 11817 --- [vehicule] [           main] org.hibernate.SQL                        : create table vehicule (anee integer, rental_price float(53) not null, id uuid not null, chemin_vers_image varchar(255), make varchar(255), model varchar(255), registration_number varchar(255) not null unique, primary key (id))
Hibernate: create table vehicule (anee integer, rental_price float(53) not null, id uuid not null, chemin_vers_image varchar(255), make varchar(255), model varchar(255), registration_number varchar(255) not null unique, primary key (id))
2025-07-01T02:16:27.493+01:00 DEBUG 11817 --- [vehicule] [           main] org.hibernate.SQL                        : create table vehicule_images (images_id bigint not null unique, vehicule_id uuid not null)
Hibernate: create table vehicule_images (images_id bigint not null unique, vehicule_id uuid not null)
2025-07-01T02:16:27.496+01:00 DEBUG 11817 --- [vehicule] [           main] org.hibernate.SQL                        : alter table if exists images add constraint FKq4uoyualnh7w3e2smtqxyusbd foreign key (vehicule_id) references vehicule
Hibernate: alter table if exists images add constraint FKq4uoyualnh7w3e2smtqxyusbd foreign key (vehicule_id) references vehicule
2025-07-01T02:16:27.535+01:00 DEBUG 11817 --- [vehicule] [           main] org.hibernate.SQL                        : alter table if exists jwt add constraint FK5x5slihm7dnfvkhsuw4o3c94o foreign key (refresh_token_id) references refresh_token
Hibernate: alter table if exists jwt add constraint FK5x5slihm7dnfvkhsuw4o3c94o foreign key (refresh_token_id) references refresh_token
2025-07-01T02:16:27.538+01:00 DEBUG 11817 --- [vehicule] [           main] org.hibernate.SQL                        : alter table if exists jwt add constraint FKowcjt2bsvexgfk617r9viwrha foreign key (utilisateur_id) references users
Hibernate: alter table if exists jwt add constraint FKowcjt2bsvexgfk617r9viwrha foreign key (utilisateur_id) references users
2025-07-01T02:16:27.542+01:00 DEBUG 11817 --- [vehicule] [           main] org.hibernate.SQL                        : alter table if exists vehicule_images add constraint FK1rpj7t1lxkrafpwd3lvdve3b7 foreign key (images_id) references images
Hibernate: alter table if exists vehicule_images add constraint FK1rpj7t1lxkrafpwd3lvdve3b7 foreign key (images_id) references images
2025-07-01T02:16:27.544+01:00 DEBUG 11817 --- [vehicule] [           main] org.hibernate.SQL                        : alter table if exists vehicule_images add constraint FKo3400ac44xbsi74nhvv7kvwkj foreign key (vehicule_id) references vehicule
Hibernate: alter table if exists vehicule_images add constraint FKo3400ac44xbsi74nhvv7kvwkj foreign key (vehicule_id) references vehicule
2025-07-01T02:16:27.552+01:00  INFO 11817 --- [vehicule] [           main] j.LocalContainerEntityManagerFactoryBean : Initialized JPA EntityManagerFactory for persistence unit 'default'
2025-07-01T02:16:27.781+01:00  WARN 11817 --- [vehicule] [           main] JpaBaseConfiguration$JpaWebConfiguration : spring.jpa.open-in-view is enabled by default. Therefore, database queries may be performed during view rendering. Explicitly configure spring.jpa.open-in-view to disable this warning
2025-07-01T02:16:27.798+01:00  WARN 11817 --- [vehicule] [           main] .s.s.UserDetailsServiceAutoConfiguration : 

Using generated security password: 26c30d5d-7070-4c4e-905a-034defe48353

This generated password is for development use only. Your security configuration must be updated before running your application in production.

2025-07-01T02:16:27.799+01:00  INFO 11817 --- [vehicule] [           main] r$InitializeUserDetailsManagerConfigurer : Global AuthenticationManager configured with UserDetailsService bean with name inMemoryUserDetailsManager
2025-07-01T02:16:28.113+01:00  INFO 11817 --- [vehicule] [           main] o.s.b.a.h2.H2ConsoleAutoConfiguration    : H2 console available at '/h2-console'. Database available at 'jdbc:h2:mem:testdb'
2025-07-01T02:16:28.172+01:00  INFO 11817 --- [vehicule] [           main] c.p.testing.vehicule.UserServiceTest     : Started UserServiceTest in 2.723 seconds (process running for 34.738)
2025-07-01T02:16:28.410+01:00 DEBUG 11817 --- [vehicule] [           main] org.hibernate.SQL                        : insert into users (actif,create_at,delete_at,email,password,update_at,username,id) values (?,?,?,?,?,?,?,?)
Hibernate: insert into users (actif,create_at,delete_at,email,password,update_at,username,id) values (?,?,?,?,?,?,?,?)
2025-07-01T02:16:28.860+01:00 DEBUG 11817 --- [vehicule] [           main] org.hibernate.SQL                        : select u1_0.id,u1_0.actif,u1_0.create_at,u1_0.delete_at,u1_0.email,u1_0.password,u1_0.update_at,u1_0.username from users u1_0 where u1_0.email=? and u1_0.delete_at is null
Hibernate: select u1_0.id,u1_0.actif,u1_0.create_at,u1_0.delete_at,u1_0.email,u1_0.password,u1_0.update_at,u1_0.username from users u1_0 where u1_0.email=? and u1_0.delete_at is null
]]></system-out>
  </testcase>
  <testcase name="testGetUserByEmail" classname="com.projet.testing.vehicule.UserServiceTest" time="0.014">
    <system-out><![CDATA[2025-07-01T02:16:28.897+01:00 DEBUG 11817 --- [vehicule] [           main] org.hibernate.SQL                        : select u1_0.id,u1_0.actif,u1_0.create_at,u1_0.delete_at,u1_0.email,u1_0.password,u1_0.update_at,u1_0.username from users u1_0 where u1_0.email=? and u1_0.delete_at is null
Hibernate: select u1_0.id,u1_0.actif,u1_0.create_at,u1_0.delete_at,u1_0.email,u1_0.password,u1_0.update_at,u1_0.username from users u1_0 where u1_0.email=? and u1_0.delete_at is null
]]></system-out>
  </testcase>
  <testcase name="testLoginSuccess" classname="com.projet.testing.vehicule.UserServiceTest" time="0.277">
    <system-out><![CDATA[2025-07-01T02:16:28.920+01:00 DEBUG 11817 --- [vehicule] [           main] org.hibernate.SQL                        : select u1_0.id,u1_0.actif,u1_0.create_at,u1_0.delete_at,u1_0.email,u1_0.password,u1_0.update_at,u1_0.username from users u1_0 where u1_0.email=? and u1_0.delete_at is null
Hibernate: select u1_0.id,u1_0.actif,u1_0.create_at,u1_0.delete_at,u1_0.email,u1_0.password,u1_0.update_at,u1_0.username from users u1_0 where u1_0.email=? and u1_0.delete_at is null
2025-07-01T02:16:29.033+01:00 DEBUG 11817 --- [vehicule] [           main] org.hibernate.SQL                        : insert into users (actif,create_at,delete_at,email,password,update_at,username,id) values (?,?,?,?,?,?,?,?)
Hibernate: insert into users (actif,create_at,delete_at,email,password,update_at,username,id) values (?,?,?,?,?,?,?,?)
2025-07-01T02:16:29.034+01:00 DEBUG 11817 --- [vehicule] [           main] org.hibernate.SQL                        : select u1_0.id,u1_0.actif,u1_0.create_at,u1_0.delete_at,u1_0.email,u1_0.password,u1_0.update_at,u1_0.username from users u1_0 where u1_0.email=? and u1_0.delete_at is null
Hibernate: select u1_0.id,u1_0.actif,u1_0.create_at,u1_0.delete_at,u1_0.email,u1_0.password,u1_0.update_at,u1_0.username from users u1_0 where u1_0.email=? and u1_0.delete_at is null
2025-07-01T02:16:29.143+01:00 DEBUG 11817 --- [vehicule] [           main] org.hibernate.SQL                        : select next value for refresh_token_seq
Hibernate: select next value for refresh_token_seq
2025-07-01T02:16:29.165+01:00 DEBUG 11817 --- [vehicule] [           main] org.hibernate.SQL                        : select next value for jwt_seq
Hibernate: select next value for jwt_seq
]]></system-out>
  </testcase>
  <testcase name="testGetAllUsers" classname="com.projet.testing.vehicule.UserServiceTest" time="0.131">
    <system-out><![CDATA[2025-07-01T02:16:29.188+01:00 DEBUG 11817 --- [vehicule] [           main] org.hibernate.SQL                        : select u1_0.id,u1_0.actif,u1_0.create_at,u1_0.delete_at,u1_0.email,u1_0.password,u1_0.update_at,u1_0.username from users u1_0 where u1_0.email=? and u1_0.delete_at is null
Hibernate: select u1_0.id,u1_0.actif,u1_0.create_at,u1_0.delete_at,u1_0.email,u1_0.password,u1_0.update_at,u1_0.username from users u1_0 where u1_0.email=? and u1_0.delete_at is null
2025-07-01T02:16:29.299+01:00 DEBUG 11817 --- [vehicule] [           main] org.hibernate.SQL                        : insert into users (actif,create_at,delete_at,email,password,update_at,username,id) values (?,?,?,?,?,?,?,?)
Hibernate: insert into users (actif,create_at,delete_at,email,password,update_at,username,id) values (?,?,?,?,?,?,?,?)
2025-07-01T02:16:29.305+01:00 DEBUG 11817 --- [vehicule] [           main] org.hibernate.SQL                        : select u1_0.id,u1_0.actif,u1_0.create_at,u1_0.delete_at,u1_0.email,u1_0.password,u1_0.update_at,u1_0.username from users u1_0 where u1_0.delete_at is null
Hibernate: select u1_0.id,u1_0.actif,u1_0.create_at,u1_0.delete_at,u1_0.email,u1_0.password,u1_0.update_at,u1_0.username from users u1_0 where u1_0.delete_at is null
]]></system-out>
  </testcase>
  <testcase name="testUpdateUser" classname="com.projet.testing.vehicule.UserServiceTest" time="0.167">
    <system-out><![CDATA[2025-07-01T02:16:29.321+01:00 DEBUG 11817 --- [vehicule] [           main] org.hibernate.SQL                        : select u1_0.id,u1_0.actif,u1_0.create_at,u1_0.delete_at,u1_0.email,u1_0.password,u1_0.update_at,u1_0.username from users u1_0 where u1_0.email=? and u1_0.delete_at is null
Hibernate: select u1_0.id,u1_0.actif,u1_0.create_at,u1_0.delete_at,u1_0.email,u1_0.password,u1_0.update_at,u1_0.username from users u1_0 where u1_0.email=? and u1_0.delete_at is null
2025-07-01T02:16:29.326+01:00 DEBUG 11817 --- [vehicule] [           main] org.hibernate.SQL                        : select u1_0.id,u1_0.actif,u1_0.create_at,u1_0.delete_at,u1_0.email,u1_0.password,u1_0.update_at,u1_0.username from users u1_0 where u1_0.id=? and u1_0.delete_at is null
Hibernate: select u1_0.id,u1_0.actif,u1_0.create_at,u1_0.delete_at,u1_0.email,u1_0.password,u1_0.update_at,u1_0.username from users u1_0 where u1_0.id=? and u1_0.delete_at is null
2025-07-01T02:16:29.440+01:00 DEBUG 11817 --- [vehicule] [           main] org.hibernate.SQL                        : select u1_0.id,u1_0.actif,u1_0.create_at,u1_0.delete_at,u1_0.email,u1_0.password,u1_0.update_at,u1_0.username from users u1_0 where u1_0.email=? and u1_0.delete_at is null
Hibernate: select u1_0.id,u1_0.actif,u1_0.create_at,u1_0.delete_at,u1_0.email,u1_0.password,u1_0.update_at,u1_0.username from users u1_0 where u1_0.email=? and u1_0.delete_at is null
2025-07-01T02:16:29.456+01:00 DEBUG 11817 --- [vehicule] [           main] org.hibernate.SQL                        : select u1_0.id,u1_0.actif,u1_0.create_at,u1_0.delete_at,u1_0.email,u1_0.password,u1_0.update_at,u1_0.username from users u1_0 where u1_0.id=?
Hibernate: select u1_0.id,u1_0.actif,u1_0.create_at,u1_0.delete_at,u1_0.email,u1_0.password,u1_0.update_at,u1_0.username from users u1_0 where u1_0.id=?
2025-07-01T02:16:29.467+01:00 DEBUG 11817 --- [vehicule] [           main] org.hibernate.SQL                        : update users set actif=?,delete_at=?,email=?,password=?,update_at=?,username=? where id=?
Hibernate: update users set actif=?,delete_at=?,email=?,password=?,update_at=?,username=? where id=?
]]></system-out>
  </testcase>
  <testcase name="testChangePassword" classname="com.projet.testing.vehicule.UserServiceTest" time="0.37">
    <system-out><![CDATA[2025-07-01T02:16:29.488+01:00 DEBUG 11817 --- [vehicule] [           main] org.hibernate.SQL                        : select u1_0.id,u1_0.actif,u1_0.create_at,u1_0.delete_at,u1_0.email,u1_0.password,u1_0.update_at,u1_0.username from users u1_0 where u1_0.email=? and u1_0.delete_at is null
Hibernate: select u1_0.id,u1_0.actif,u1_0.create_at,u1_0.delete_at,u1_0.email,u1_0.password,u1_0.update_at,u1_0.username from users u1_0 where u1_0.email=? and u1_0.delete_at is null
2025-07-01T02:16:29.596+01:00 DEBUG 11817 --- [vehicule] [           main] org.hibernate.SQL                        : insert into users (actif,create_at,delete_at,email,password,update_at,username,id) values (?,?,?,?,?,?,?,?)
Hibernate: insert into users (actif,create_at,delete_at,email,password,update_at,username,id) values (?,?,?,?,?,?,?,?)
2025-07-01T02:16:29.598+01:00 DEBUG 11817 --- [vehicule] [           main] org.hibernate.SQL                        : select u1_0.id,u1_0.actif,u1_0.create_at,u1_0.delete_at,u1_0.email,u1_0.password,u1_0.update_at,u1_0.username from users u1_0 where u1_0.email=? and u1_0.delete_at is null
Hibernate: select u1_0.id,u1_0.actif,u1_0.create_at,u1_0.delete_at,u1_0.email,u1_0.password,u1_0.update_at,u1_0.username from users u1_0 where u1_0.email=? and u1_0.delete_at is null
2025-07-01T02:16:29.601+01:00 DEBUG 11817 --- [vehicule] [           main] org.hibernate.SQL                        : select u1_0.id,u1_0.actif,u1_0.create_at,u1_0.delete_at,u1_0.email,u1_0.password,u1_0.update_at,u1_0.username from users u1_0 where u1_0.email=? and u1_0.delete_at is null
Hibernate: select u1_0.id,u1_0.actif,u1_0.create_at,u1_0.delete_at,u1_0.email,u1_0.password,u1_0.update_at,u1_0.username from users u1_0 where u1_0.email=? and u1_0.delete_at is null
2025-07-01T02:16:29.709+01:00 DEBUG 11817 --- [vehicule] [           main] org.hibernate.SQL                        : select next value for refresh_token_seq
Hibernate: select next value for refresh_token_seq
2025-07-01T02:16:29.711+01:00 DEBUG 11817 --- [vehicule] [           main] org.hibernate.SQL                        : select next value for jwt_seq
Hibernate: select next value for jwt_seq
]]></system-out>
  </testcase>
  <testcase name="testUpdateUserMailWithMailOfOtherUser_ThrowsBusinessException" classname="com.projet.testing.vehicule.UserServiceTest" time="0.136">
    <system-out><![CDATA[2025-07-01T02:16:29.857+01:00 DEBUG 11817 --- [vehicule] [           main] org.hibernate.SQL                        : select u1_0.id,u1_0.actif,u1_0.create_at,u1_0.delete_at,u1_0.email,u1_0.password,u1_0.update_at,u1_0.username from users u1_0 where u1_0.delete_at is null
Hibernate: select u1_0.id,u1_0.actif,u1_0.create_at,u1_0.delete_at,u1_0.email,u1_0.password,u1_0.update_at,u1_0.username from users u1_0 where u1_0.delete_at is null
2025-07-01T02:16:29.863+01:00 DEBUG 11817 --- [vehicule] [           main] org.hibernate.SQL                        : select u1_0.id,u1_0.actif,u1_0.create_at,u1_0.delete_at,u1_0.email,u1_0.password,u1_0.update_at,u1_0.username from users u1_0 where u1_0.email=? and u1_0.delete_at is null
Hibernate: select u1_0.id,u1_0.actif,u1_0.create_at,u1_0.delete_at,u1_0.email,u1_0.password,u1_0.update_at,u1_0.username from users u1_0 where u1_0.email=? and u1_0.delete_at is null
2025-07-01T02:16:29.869+01:00 DEBUG 11817 --- [vehicule] [           main] org.hibernate.SQL                        : select u1_0.id,u1_0.actif,u1_0.create_at,u1_0.delete_at,u1_0.email,u1_0.password,u1_0.update_at,u1_0.username from users u1_0 where u1_0.id=? and u1_0.delete_at is null
Hibernate: select u1_0.id,u1_0.actif,u1_0.create_at,u1_0.delete_at,u1_0.email,u1_0.password,u1_0.update_at,u1_0.username from users u1_0 where u1_0.id=? and u1_0.delete_at is null
2025-07-01T02:16:29.982+01:00 DEBUG 11817 --- [vehicule] [           main] org.hibernate.SQL                        : select u1_0.id,u1_0.actif,u1_0.create_at,u1_0.delete_at,u1_0.email,u1_0.password,u1_0.update_at,u1_0.username from users u1_0 where u1_0.email=? and u1_0.delete_at is null
Hibernate: select u1_0.id,u1_0.actif,u1_0.create_at,u1_0.delete_at,u1_0.email,u1_0.password,u1_0.update_at,u1_0.username from users u1_0 where u1_0.email=? and u1_0.delete_at is null
]]></system-out>
  </testcase>
  <testcase name="testCreateUser" classname="com.projet.testing.vehicule.UserServiceTest" time="0.118">
    <system-out><![CDATA[2025-07-01T02:16:29.994+01:00 DEBUG 11817 --- [vehicule] [           main] org.hibernate.SQL                        : select u1_0.id,u1_0.actif,u1_0.create_at,u1_0.delete_at,u1_0.email,u1_0.password,u1_0.update_at,u1_0.username from users u1_0 where u1_0.email=? and u1_0.delete_at is null
Hibernate: select u1_0.id,u1_0.actif,u1_0.create_at,u1_0.delete_at,u1_0.email,u1_0.password,u1_0.update_at,u1_0.username from users u1_0 where u1_0.email=? and u1_0.delete_at is null
2025-07-01T02:16:30.101+01:00 DEBUG 11817 --- [vehicule] [           main] org.hibernate.SQL                        : insert into users (actif,create_at,delete_at,email,password,update_at,username,id) values (?,?,?,?,?,?,?,?)
Hibernate: insert into users (actif,create_at,delete_at,email,password,update_at,username,id) values (?,?,?,?,?,?,?,?)
]]></system-out>
  </testcase>
  <testcase name="testCreateUserWithWeakPassword_ThrowsBusinessException" classname="com.projet.testing.vehicule.UserServiceTest" time="0.01">
    <system-out><![CDATA[2025-07-01T02:16:30.112+01:00 DEBUG 11817 --- [vehicule] [           main] org.hibernate.SQL                        : select u1_0.id,u1_0.actif,u1_0.create_at,u1_0.delete_at,u1_0.email,u1_0.password,u1_0.update_at,u1_0.username from users u1_0 where u1_0.email=? and u1_0.delete_at is null
Hibernate: select u1_0.id,u1_0.actif,u1_0.create_at,u1_0.delete_at,u1_0.email,u1_0.password,u1_0.update_at,u1_0.username from users u1_0 where u1_0.email=? and u1_0.delete_at is null
]]></system-out>
  </testcase>
</testsuite>