<?xml version="1.0" encoding="UTF-8"?>
<testsuite xmlns:xsi="http://www.w3.org/2001/XMLSchema-instance" xsi:noNamespaceSchemaLocation="https://maven.apache.org/surefire/maven-surefire-plugin/xsd/surefire-test-report-3.0.xsd" version="3.0" name="com.projet.testing.vehicule.UserControllerTest" time="12.206" tests="22" errors="0" skipped="0" failures="0">
  <properties>
[...]
</properties>
  <testcase name="testGetUserByMail" classname="com.projet.testing.vehicule.UserControllerTest" time="3.91">
    <system-out><![CDATA[2025-06-25T09:42:17.786+01:00  INFO 7182 --- [vehicule] [           main] t.c.s.AnnotationConfigContextLoaderUtils : Could not detect default configuration classes for test class [com.projet.testing.vehicule.UserControllerTest]: UserControllerTest does not declare any static, non-private, non-final, nested classes annotated with @Configuration.
2025-06-25T09:42:17.937+01:00  INFO 7182 --- [vehicule] [           main] .b.t.c.SpringBootTestContextBootstrapper : Found @SpringBootConfiguration com.projet.testing.vehicule.VehiculeApplication for test class com.projet.testing.vehicule.UserControllerTest

  .   ____          _            __ _ _
 /\\ / ___'_ __ _ _(_)_ __  __ _ \ \ \ \
( ( )\___ | '_ | '_| | '_ \/ _` | \ \ \ \
 \\/  ___)| |_)| | | | | || (_| |  ) ) ) )
  '  |____| .__|_| |_|_| |_\__, | / / / /
 =========|_|==============|___/=/_/_/_/

 :: Spring Boot ::                (v3.3.4)

2025-06-25T09:42:18.024+01:00  INFO 7182 --- [vehicule] [           main] c.p.testing.vehicule.UserControllerTest  : Starting UserControllerTest using Java 21.0.6 with PID 7182 (started by danilo in /home/danilo/INF352/projet/vehicule)
2025-06-25T09:42:18.025+01:00  INFO 7182 --- [vehicule] [           main] c.p.testing.vehicule.UserControllerTest  : The following 1 profile is active: "test"
2025-06-25T09:42:18.824+01:00  INFO 7182 --- [vehicule] [           main] .s.d.r.c.RepositoryConfigurationDelegate : Bootstrapping Spring Data JPA repositories in DEFAULT mode.
2025-06-25T09:42:18.844+01:00  INFO 7182 --- [vehicule] [           main] .s.d.r.c.RepositoryConfigurationDelegate : Finished Spring Data repository scanning in 19 ms. Found 6 JPA repository interfaces.
2025-06-25T09:42:19.160+01:00  INFO 7182 --- [vehicule] [           main] o.hibernate.jpa.internal.util.LogHelper  : HHH000204: Processing PersistenceUnitInfo [name: default]
2025-06-25T09:42:19.163+01:00  INFO 7182 --- [vehicule] [           main] o.h.c.internal.RegionFactoryInitiator    : HHH000026: Second-level cache disabled
2025-06-25T09:42:19.174+01:00  INFO 7182 --- [vehicule] [           main] o.s.o.j.p.SpringPersistenceUnitInfo      : No LoadTimeWeaver setup: ignoring JPA class transformer
2025-06-25T09:42:19.175+01:00  INFO 7182 --- [vehicule] [           main] com.zaxxer.hikari.HikariDataSource       : HikariPool-3 - Starting...
2025-06-25T09:42:19.177+01:00  INFO 7182 --- [vehicule] [           main] com.zaxxer.hikari.pool.HikariPool        : HikariPool-3 - Added connection conn10: url=jdbc:h2:mem:testdb user=SA
2025-06-25T09:42:19.177+01:00  INFO 7182 --- [vehicule] [           main] com.zaxxer.hikari.HikariDataSource       : HikariPool-3 - Start completed.
2025-06-25T09:42:19.178+01:00  WARN 7182 --- [vehicule] [           main] org.hibernate.orm.deprecation            : HHH90000025: H2Dialect does not need to be specified explicitly using 'hibernate.dialect' (remove the property setting and it will be selected by default)
2025-06-25T09:42:19.550+01:00  INFO 7182 --- [vehicule] [           main] o.h.e.t.j.p.i.JtaPlatformInitiator       : HHH000489: No JTA platform available (set 'hibernate.transaction.jta.platform' to enable JTA platform integration)
2025-06-25T09:42:19.551+01:00 DEBUG 7182 --- [vehicule] [           main] org.hibernate.SQL                        : drop table if exists images cascade 
Hibernate: drop table if exists images cascade 
2025-06-25T09:42:19.556+01:00 DEBUG 7182 --- [vehicule] [           main] org.hibernate.SQL                        : drop table if exists jwt cascade 
Hibernate: drop table if exists jwt cascade 
2025-06-25T09:42:19.559+01:00 DEBUG 7182 --- [vehicule] [           main] org.hibernate.SQL                        : drop table if exists refresh_token cascade 
Hibernate: drop table if exists refresh_token cascade 
2025-06-25T09:42:19.561+01:00 DEBUG 7182 --- [vehicule] [           main] org.hibernate.SQL                        : drop table if exists users cascade 
Hibernate: drop table if exists users cascade 
2025-06-25T09:42:19.562+01:00 DEBUG 7182 --- [vehicule] [           main] org.hibernate.SQL                        : drop table if exists vehicule cascade 
Hibernate: drop table if exists vehicule cascade 
2025-06-25T09:42:19.566+01:00 DEBUG 7182 --- [vehicule] [           main] org.hibernate.SQL                        : drop table if exists vehicule_images cascade 
Hibernate: drop table if exists vehicule_images cascade 
2025-06-25T09:42:19.569+01:00 DEBUG 7182 --- [vehicule] [           main] org.hibernate.SQL                        : drop sequence if exists jwt_seq
Hibernate: drop sequence if exists jwt_seq
2025-06-25T09:42:19.570+01:00 DEBUG 7182 --- [vehicule] [           main] org.hibernate.SQL                        : drop sequence if exists refresh_token_seq
Hibernate: drop sequence if exists refresh_token_seq
2025-06-25T09:42:19.571+01:00 DEBUG 7182 --- [vehicule] [           main] org.hibernate.SQL                        : create sequence jwt_seq start with 1 increment by 1
Hibernate: create sequence jwt_seq start with 1 increment by 1
2025-06-25T09:42:19.572+01:00 DEBUG 7182 --- [vehicule] [           main] org.hibernate.SQL                        : create sequence refresh_token_seq start with 1 increment by 1
Hibernate: create sequence refresh_token_seq start with 1 increment by 1
2025-06-25T09:42:19.574+01:00 DEBUG 7182 --- [vehicule] [           main] org.hibernate.SQL                        : create table images (id bigint generated by default as identity, vehicule_id uuid not null, chemin varchar(255), nom varchar(255), primary key (id))
Hibernate: create table images (id bigint generated by default as identity, vehicule_id uuid not null, chemin varchar(255), nom varchar(255), primary key (id))
2025-06-25T09:42:19.577+01:00 DEBUG 7182 --- [vehicule] [           main] org.hibernate.SQL                        : create table jwt (desactive boolean not null, expire boolean not null, id bigint not null, refresh_token_id bigint unique, utilisateur_id uuid, valeur varchar(255), primary key (id))
Hibernate: create table jwt (desactive boolean not null, expire boolean not null, id bigint not null, refresh_token_id bigint unique, utilisateur_id uuid, valeur varchar(255), primary key (id))
2025-06-25T09:42:19.581+01:00 DEBUG 7182 --- [vehicule] [           main] org.hibernate.SQL                        : create table refresh_token (expire boolean not null, create_at timestamp(6) not null, creation timestamp(6) with time zone, expiration timestamp(6) with time zone, id bigint not null, update_at timestamp(6), valeur varchar(255), primary key (id))
Hibernate: create table refresh_token (expire boolean not null, create_at timestamp(6) not null, creation timestamp(6) with time zone, expiration timestamp(6) with time zone, id bigint not null, update_at timestamp(6), valeur varchar(255), primary key (id))
2025-06-25T09:42:19.584+01:00 DEBUG 7182 --- [vehicule] [           main] org.hibernate.SQL                        : create table users (actif boolean not null, create_at timestamp(6) not null, delete_at timestamp(6), update_at timestamp(6), id uuid not null, email varchar(255), password varchar(255) not null, username varchar(255) not null, primary key (id))
Hibernate: create table users (actif boolean not null, create_at timestamp(6) not null, delete_at timestamp(6), update_at timestamp(6), id uuid not null, email varchar(255), password varchar(255) not null, username varchar(255) not null, primary key (id))
2025-06-25T09:42:19.587+01:00 DEBUG 7182 --- [vehicule] [           main] org.hibernate.SQL                        : create table vehicule (anee integer, rental_price float(53) not null, id uuid not null, chemin_vers_image varchar(255), make varchar(255), model varchar(255), registration_number varchar(255) not null unique, primary key (id))
Hibernate: create table vehicule (anee integer, rental_price float(53) not null, id uuid not null, chemin_vers_image varchar(255), make varchar(255), model varchar(255), registration_number varchar(255) not null unique, primary key (id))
2025-06-25T09:42:19.592+01:00 DEBUG 7182 --- [vehicule] [           main] org.hibernate.SQL                        : create table vehicule_images (images_id bigint not null unique, vehicule_id uuid not null)
Hibernate: create table vehicule_images (images_id bigint not null unique, vehicule_id uuid not null)
2025-06-25T09:42:19.594+01:00 DEBUG 7182 --- [vehicule] [           main] org.hibernate.SQL                        : alter table if exists images add constraint FKq4uoyualnh7w3e2smtqxyusbd foreign key (vehicule_id) references vehicule
Hibernate: alter table if exists images add constraint FKq4uoyualnh7w3e2smtqxyusbd foreign key (vehicule_id) references vehicule
2025-06-25T09:42:19.599+01:00 DEBUG 7182 --- [vehicule] [           main] org.hibernate.SQL                        : alter table if exists jwt add constraint FK5x5slihm7dnfvkhsuw4o3c94o foreign key (refresh_token_id) references refresh_token
Hibernate: alter table if exists jwt add constraint FK5x5slihm7dnfvkhsuw4o3c94o foreign key (refresh_token_id) references refresh_token
2025-06-25T09:42:19.602+01:00 DEBUG 7182 --- [vehicule] [           main] org.hibernate.SQL                        : alter table if exists jwt add constraint FKowcjt2bsvexgfk617r9viwrha foreign key (utilisateur_id) references users
Hibernate: alter table if exists jwt add constraint FKowcjt2bsvexgfk617r9viwrha foreign key (utilisateur_id) references users
2025-06-25T09:42:19.606+01:00 DEBUG 7182 --- [vehicule] [           main] org.hibernate.SQL                        : alter table if exists vehicule_images add constraint FK1rpj7t1lxkrafpwd3lvdve3b7 foreign key (images_id) references images
Hibernate: alter table if exists vehicule_images add constraint FK1rpj7t1lxkrafpwd3lvdve3b7 foreign key (images_id) references images
2025-06-25T09:42:19.610+01:00 DEBUG 7182 --- [vehicule] [           main] org.hibernate.SQL                        : alter table if exists vehicule_images add constraint FKo3400ac44xbsi74nhvv7kvwkj foreign key (vehicule_id) references vehicule
Hibernate: alter table if exists vehicule_images add constraint FKo3400ac44xbsi74nhvv7kvwkj foreign key (vehicule_id) references vehicule
2025-06-25T09:42:19.614+01:00  INFO 7182 --- [vehicule] [           main] j.LocalContainerEntityManagerFactoryBean : Initialized JPA EntityManagerFactory for persistence unit 'default'
2025-06-25T09:42:21.110+01:00  WARN 7182 --- [vehicule] [           main] JpaBaseConfiguration$JpaWebConfiguration : spring.jpa.open-in-view is enabled by default. Therefore, database queries may be performed during view rendering. Explicitly configure spring.jpa.open-in-view to disable this warning
2025-06-25T09:42:21.188+01:00  WARN 7182 --- [vehicule] [           main] .s.s.UserDetailsServiceAutoConfiguration : 

Using generated security password: 9af6c86d-3be4-4b63-b375-f5c7b131fb08

This generated password is for development use only. Your security configuration must be updated before running your application in production.

2025-06-25T09:42:21.192+01:00  INFO 7182 --- [vehicule] [           main] r$InitializeUserDetailsManagerConfigurer : Global AuthenticationManager configured with UserDetailsService bean with name inMemoryUserDetailsManager
2025-06-25T09:42:22.107+01:00  INFO 7182 --- [vehicule] [           main] o.s.b.a.h2.H2ConsoleAutoConfiguration    : H2 console available at '/h2-console'. Database available at 'jdbc:h2:mem:testdb'
2025-06-25T09:42:22.635+01:00  INFO 7182 --- [vehicule] [           main] o.s.b.t.m.w.SpringBootMockServletContext : Initializing Spring TestDispatcherServlet ''
2025-06-25T09:42:22.636+01:00  INFO 7182 --- [vehicule] [           main] o.s.t.web.servlet.TestDispatcherServlet  : Initializing Servlet ''
2025-06-25T09:42:22.641+01:00  INFO 7182 --- [vehicule] [           main] o.s.t.web.servlet.TestDispatcherServlet  : Completed initialization in 5 ms
2025-06-25T09:42:22.687+01:00  INFO 7182 --- [vehicule] [           main] c.p.testing.vehicule.UserControllerTest  : Started UserControllerTest in 4.745 seconds (process running for 188.887)
2025-06-25T09:42:25.092+01:00 DEBUG 7182 --- [vehicule] [           main] org.hibernate.SQL                        : select u1_0.id,u1_0.actif,u1_0.create_at,u1_0.delete_at,u1_0.email,u1_0.password,u1_0.update_at,u1_0.username from users u1_0 where u1_0.email=? and u1_0.delete_at is null
Hibernate: select u1_0.id,u1_0.actif,u1_0.create_at,u1_0.delete_at,u1_0.email,u1_0.password,u1_0.update_at,u1_0.username from users u1_0 where u1_0.email=? and u1_0.delete_at is null
2025-06-25T09:42:25.240+01:00 DEBUG 7182 --- [vehicule] [           main] org.hibernate.SQL                        : insert into users (actif,create_at,delete_at,email,password,update_at,username,id) values (?,?,?,?,?,?,?,?)
Hibernate: insert into users (actif,create_at,delete_at,email,password,update_at,username,id) values (?,?,?,?,?,?,?,?)
2025-06-25T09:42:25.940+01:00 DEBUG 7182 --- [vehicule] [           main] org.hibernate.SQL                        : select u1_0.id,u1_0.actif,u1_0.create_at,u1_0.delete_at,u1_0.email,u1_0.password,u1_0.update_at,u1_0.username from users u1_0 where u1_0.email=? and u1_0.delete_at is null
Hibernate: select u1_0.id,u1_0.actif,u1_0.create_at,u1_0.delete_at,u1_0.email,u1_0.password,u1_0.update_at,u1_0.username from users u1_0 where u1_0.email=? and u1_0.delete_at is null
]]></system-out>
  </testcase>
  <testcase name="testChangePassword_Success" classname="com.projet.testing.vehicule.UserControllerTest" time="0.581">
    <system-out><![CDATA[2025-06-25T09:42:26.657+01:00 DEBUG 7182 --- [vehicule] [           main] org.hibernate.SQL                        : select u1_0.id,u1_0.actif,u1_0.create_at,u1_0.delete_at,u1_0.email,u1_0.password,u1_0.update_at,u1_0.username from users u1_0 where u1_0.email=? and u1_0.delete_at is null
Hibernate: select u1_0.id,u1_0.actif,u1_0.create_at,u1_0.delete_at,u1_0.email,u1_0.password,u1_0.update_at,u1_0.username from users u1_0 where u1_0.email=? and u1_0.delete_at is null
2025-06-25T09:42:26.772+01:00 DEBUG 7182 --- [vehicule] [           main] org.hibernate.SQL                        : insert into users (actif,create_at,delete_at,email,password,update_at,username,id) values (?,?,?,?,?,?,?,?)
Hibernate: insert into users (actif,create_at,delete_at,email,password,update_at,username,id) values (?,?,?,?,?,?,?,?)
2025-06-25T09:42:26.815+01:00 DEBUG 7182 --- [vehicule] [           main] org.hibernate.SQL                        : select u1_0.id,u1_0.actif,u1_0.create_at,u1_0.delete_at,u1_0.email,u1_0.password,u1_0.update_at,u1_0.username from users u1_0 where u1_0.email=? and u1_0.delete_at is null
Hibernate: select u1_0.id,u1_0.actif,u1_0.create_at,u1_0.delete_at,u1_0.email,u1_0.password,u1_0.update_at,u1_0.username from users u1_0 where u1_0.email=? and u1_0.delete_at is null
2025-06-25T09:42:26.821+01:00 DEBUG 7182 --- [vehicule] [           main] org.hibernate.SQL                        : select u1_0.id,u1_0.actif,u1_0.create_at,u1_0.delete_at,u1_0.email,u1_0.password,u1_0.update_at,u1_0.username from users u1_0 where u1_0.email=? and u1_0.delete_at is null
Hibernate: select u1_0.id,u1_0.actif,u1_0.create_at,u1_0.delete_at,u1_0.email,u1_0.password,u1_0.update_at,u1_0.username from users u1_0 where u1_0.email=? and u1_0.delete_at is null
2025-06-25T09:42:27.067+01:00 DEBUG 7182 --- [vehicule] [           main] org.hibernate.SQL                        : select next value for refresh_token_seq
Hibernate: select next value for refresh_token_seq
2025-06-25T09:42:27.071+01:00 DEBUG 7182 --- [vehicule] [           main] org.hibernate.SQL                        : insert into refresh_token (create_at,creation,expiration,expire,update_at,valeur,id) values (?,?,?,?,?,?,?)
Hibernate: insert into refresh_token (create_at,creation,expiration,expire,update_at,valeur,id) values (?,?,?,?,?,?,?)
2025-06-25T09:42:27.079+01:00 DEBUG 7182 --- [vehicule] [           main] org.hibernate.SQL                        : select next value for jwt_seq
Hibernate: select next value for jwt_seq
2025-06-25T09:42:27.085+01:00 DEBUG 7182 --- [vehicule] [           main] org.hibernate.SQL                        : insert into jwt (desactive,expire,refresh_token_id,utilisateur_id,valeur,id) values (?,?,?,?,?,?)
Hibernate: insert into jwt (desactive,expire,refresh_token_id,utilisateur_id,valeur,id) values (?,?,?,?,?,?)
2025-06-25T09:42:27.202+01:00 DEBUG 7182 --- [vehicule] [           main] org.hibernate.SQL                        : update users set actif=?,delete_at=?,email=?,password=?,update_at=?,username=? where id=?
Hibernate: update users set actif=?,delete_at=?,email=?,password=?,update_at=?,username=? where id=?
]]></system-out>
  </testcase>
  <testcase name="testChangePassword_FailedWithEmailNotFound" classname="com.projet.testing.vehicule.UserControllerTest" time="0.042">
    <system-out><![CDATA[2025-06-25T09:42:27.238+01:00 DEBUG 7182 --- [vehicule] [           main] org.hibernate.SQL                        : select u1_0.id,u1_0.actif,u1_0.create_at,u1_0.delete_at,u1_0.email,u1_0.password,u1_0.update_at,u1_0.username from users u1_0 where u1_0.email=? and u1_0.delete_at is null
Hibernate: select u1_0.id,u1_0.actif,u1_0.create_at,u1_0.delete_at,u1_0.email,u1_0.password,u1_0.update_at,u1_0.username from users u1_0 where u1_0.email=? and u1_0.delete_at is null
]]></system-out>
    <system-err><![CDATA[Une Exception coté client a été levée
]]></system-err>
  </testcase>
  <testcase name="testUpdateUser_Success" classname="com.projet.testing.vehicule.UserControllerTest" time="0.293">
    <system-out><![CDATA[2025-06-25T09:42:27.281+01:00 DEBUG 7182 --- [vehicule] [           main] org.hibernate.SQL                        : select u1_0.id,u1_0.actif,u1_0.create_at,u1_0.delete_at,u1_0.email,u1_0.password,u1_0.update_at,u1_0.username from users u1_0 where u1_0.email=? and u1_0.delete_at is null
Hibernate: select u1_0.id,u1_0.actif,u1_0.create_at,u1_0.delete_at,u1_0.email,u1_0.password,u1_0.update_at,u1_0.username from users u1_0 where u1_0.email=? and u1_0.delete_at is null
2025-06-25T09:42:27.402+01:00 DEBUG 7182 --- [vehicule] [           main] org.hibernate.SQL                        : insert into users (actif,create_at,delete_at,email,password,update_at,username,id) values (?,?,?,?,?,?,?,?)
Hibernate: insert into users (actif,create_at,delete_at,email,password,update_at,username,id) values (?,?,?,?,?,?,?,?)
2025-06-25T09:42:27.413+01:00 DEBUG 7182 --- [vehicule] [           main] org.hibernate.SQL                        : select u1_0.id,u1_0.actif,u1_0.create_at,u1_0.delete_at,u1_0.email,u1_0.password,u1_0.update_at,u1_0.username from users u1_0 where u1_0.email=? and u1_0.delete_at is null
Hibernate: select u1_0.id,u1_0.actif,u1_0.create_at,u1_0.delete_at,u1_0.email,u1_0.password,u1_0.update_at,u1_0.username from users u1_0 where u1_0.email=? and u1_0.delete_at is null
2025-06-25T09:42:27.425+01:00 DEBUG 7182 --- [vehicule] [           main] org.hibernate.SQL                        : select u1_0.id,u1_0.actif,u1_0.create_at,u1_0.delete_at,u1_0.email,u1_0.password,u1_0.update_at,u1_0.username from users u1_0 where u1_0.id=? and u1_0.delete_at is null
Hibernate: select u1_0.id,u1_0.actif,u1_0.create_at,u1_0.delete_at,u1_0.email,u1_0.password,u1_0.update_at,u1_0.username from users u1_0 where u1_0.id=? and u1_0.delete_at is null
2025-06-25T09:42:27.546+01:00 DEBUG 7182 --- [vehicule] [           main] org.hibernate.SQL                        : select u1_0.id,u1_0.actif,u1_0.create_at,u1_0.delete_at,u1_0.email,u1_0.password,u1_0.update_at,u1_0.username from users u1_0 where u1_0.email=? and u1_0.delete_at is null
Hibernate: select u1_0.id,u1_0.actif,u1_0.create_at,u1_0.delete_at,u1_0.email,u1_0.password,u1_0.update_at,u1_0.username from users u1_0 where u1_0.email=? and u1_0.delete_at is null
2025-06-25T09:42:27.548+01:00 DEBUG 7182 --- [vehicule] [           main] org.hibernate.SQL                        : update users set actif=?,delete_at=?,email=?,password=?,update_at=?,username=? where id=?
Hibernate: update users set actif=?,delete_at=?,email=?,password=?,update_at=?,username=? where id=?
]]></system-out>
  </testcase>
  <testcase name="testLogin_Success" classname="com.projet.testing.vehicule.UserControllerTest" time="0.276">
    <system-out><![CDATA[2025-06-25T09:42:27.570+01:00 DEBUG 7182 --- [vehicule] [           main] org.hibernate.SQL                        : select u1_0.id,u1_0.actif,u1_0.create_at,u1_0.delete_at,u1_0.email,u1_0.password,u1_0.update_at,u1_0.username from users u1_0 where u1_0.email=? and u1_0.delete_at is null
Hibernate: select u1_0.id,u1_0.actif,u1_0.create_at,u1_0.delete_at,u1_0.email,u1_0.password,u1_0.update_at,u1_0.username from users u1_0 where u1_0.email=? and u1_0.delete_at is null
2025-06-25T09:42:27.685+01:00 DEBUG 7182 --- [vehicule] [           main] org.hibernate.SQL                        : insert into users (actif,create_at,delete_at,email,password,update_at,username,id) values (?,?,?,?,?,?,?,?)
Hibernate: insert into users (actif,create_at,delete_at,email,password,update_at,username,id) values (?,?,?,?,?,?,?,?)
2025-06-25T09:42:27.695+01:00 DEBUG 7182 --- [vehicule] [           main] org.hibernate.SQL                        : select u1_0.id,u1_0.actif,u1_0.create_at,u1_0.delete_at,u1_0.email,u1_0.password,u1_0.update_at,u1_0.username from users u1_0 where u1_0.email=? and u1_0.delete_at is null
Hibernate: select u1_0.id,u1_0.actif,u1_0.create_at,u1_0.delete_at,u1_0.email,u1_0.password,u1_0.update_at,u1_0.username from users u1_0 where u1_0.email=? and u1_0.delete_at is null
2025-06-25T09:42:27.812+01:00 DEBUG 7182 --- [vehicule] [           main] org.hibernate.SQL                        : select next value for refresh_token_seq
Hibernate: select next value for refresh_token_seq
2025-06-25T09:42:27.814+01:00 DEBUG 7182 --- [vehicule] [           main] org.hibernate.SQL                        : insert into refresh_token (create_at,creation,expiration,expire,update_at,valeur,id) values (?,?,?,?,?,?,?)
Hibernate: insert into refresh_token (create_at,creation,expiration,expire,update_at,valeur,id) values (?,?,?,?,?,?,?)
2025-06-25T09:42:27.817+01:00 DEBUG 7182 --- [vehicule] [           main] org.hibernate.SQL                        : select next value for jwt_seq
Hibernate: select next value for jwt_seq
2025-06-25T09:42:27.819+01:00 DEBUG 7182 --- [vehicule] [           main] org.hibernate.SQL                        : insert into jwt (desactive,expire,refresh_token_id,utilisateur_id,valeur,id) values (?,?,?,?,?,?)
Hibernate: insert into jwt (desactive,expire,refresh_token_id,utilisateur_id,valeur,id) values (?,?,?,?,?,?)
]]></system-out>
  </testcase>
  <testcase name="testRefreshTokens_Success" classname="com.projet.testing.vehicule.UserControllerTest" time="0.371">
    <system-out><![CDATA[2025-06-25T09:42:27.850+01:00 DEBUG 7182 --- [vehicule] [           main] org.hibernate.SQL                        : select u1_0.id,u1_0.actif,u1_0.create_at,u1_0.delete_at,u1_0.email,u1_0.password,u1_0.update_at,u1_0.username from users u1_0 where u1_0.email=? and u1_0.delete_at is null
Hibernate: select u1_0.id,u1_0.actif,u1_0.create_at,u1_0.delete_at,u1_0.email,u1_0.password,u1_0.update_at,u1_0.username from users u1_0 where u1_0.email=? and u1_0.delete_at is null
2025-06-25T09:42:27.969+01:00 DEBUG 7182 --- [vehicule] [           main] org.hibernate.SQL                        : insert into users (actif,create_at,delete_at,email,password,update_at,username,id) values (?,?,?,?,?,?,?,?)
Hibernate: insert into users (actif,create_at,delete_at,email,password,update_at,username,id) values (?,?,?,?,?,?,?,?)
2025-06-25T09:42:27.971+01:00 DEBUG 7182 --- [vehicule] [           main] org.hibernate.SQL                        : select u1_0.id,u1_0.actif,u1_0.create_at,u1_0.delete_at,u1_0.email,u1_0.password,u1_0.update_at,u1_0.username from users u1_0 where u1_0.email=? and u1_0.delete_at is null
Hibernate: select u1_0.id,u1_0.actif,u1_0.create_at,u1_0.delete_at,u1_0.email,u1_0.password,u1_0.update_at,u1_0.username from users u1_0 where u1_0.email=? and u1_0.delete_at is null
2025-06-25T09:42:27.980+01:00 DEBUG 7182 --- [vehicule] [           main] org.hibernate.SQL                        : select next value for refresh_token_seq
Hibernate: select next value for refresh_token_seq
2025-06-25T09:42:27.981+01:00 DEBUG 7182 --- [vehicule] [           main] org.hibernate.SQL                        : select next value for jwt_seq
Hibernate: select next value for jwt_seq
2025-06-25T09:42:28.070+01:00 DEBUG 7182 --- [vehicule] [           main] org.hibernate.SQL                        : insert into refresh_token (create_at,creation,expiration,expire,update_at,valeur,id) values (?,?,?,?,?,?,?)
Hibernate: insert into refresh_token (create_at,creation,expiration,expire,update_at,valeur,id) values (?,?,?,?,?,?,?)
2025-06-25T09:42:28.072+01:00 DEBUG 7182 --- [vehicule] [           main] org.hibernate.SQL                        : insert into jwt (desactive,expire,refresh_token_id,utilisateur_id,valeur,id) values (?,?,?,?,?,?)
Hibernate: insert into jwt (desactive,expire,refresh_token_id,utilisateur_id,valeur,id) values (?,?,?,?,?,?)
2025-06-25T09:42:28.074+01:00 DEBUG 7182 --- [vehicule] [           main] org.hibernate.SQL                        : select rt1_0.id,rt1_0.create_at,rt1_0.creation,rt1_0.expiration,rt1_0.expire,rt1_0.update_at,rt1_0.valeur from refresh_token rt1_0 where rt1_0.valeur=? and not(rt1_0.expire)
Hibernate: select rt1_0.id,rt1_0.create_at,rt1_0.creation,rt1_0.expiration,rt1_0.expire,rt1_0.update_at,rt1_0.valeur from refresh_token rt1_0 where rt1_0.valeur=? and not(rt1_0.expire)
2025-06-25T09:42:28.184+01:00 DEBUG 7182 --- [vehicule] [           main] org.hibernate.SQL                        : select j1_0.id,j1_0.desactive,j1_0.expire,j1_0.refresh_token_id,j1_0.utilisateur_id,j1_0.valeur from jwt j1_0 where j1_0.refresh_token_id=?
Hibernate: select j1_0.id,j1_0.desactive,j1_0.expire,j1_0.refresh_token_id,j1_0.utilisateur_id,j1_0.valeur from jwt j1_0 where j1_0.refresh_token_id=?
2025-06-25T09:42:28.196+01:00 DEBUG 7182 --- [vehicule] [           main] org.hibernate.SQL                        : select next value for refresh_token_seq
Hibernate: select next value for refresh_token_seq
2025-06-25T09:42:28.197+01:00 DEBUG 7182 --- [vehicule] [           main] org.hibernate.SQL                        : select next value for jwt_seq
Hibernate: select next value for jwt_seq
]]></system-out>
    <system-err><![CDATA[Echec du test du a un user inexistant pour l'email de test
]]></system-err>
  </testcase>
  <testcase name="testAddUser_Success" classname="com.projet.testing.vehicule.UserControllerTest" time="0.137">
    <system-out><![CDATA[2025-06-25T09:42:28.221+01:00 DEBUG 7182 --- [vehicule] [           main] org.hibernate.SQL                        : select u1_0.id,u1_0.actif,u1_0.create_at,u1_0.delete_at,u1_0.email,u1_0.password,u1_0.update_at,u1_0.username from users u1_0 where u1_0.email=? and u1_0.delete_at is null
Hibernate: select u1_0.id,u1_0.actif,u1_0.create_at,u1_0.delete_at,u1_0.email,u1_0.password,u1_0.update_at,u1_0.username from users u1_0 where u1_0.email=? and u1_0.delete_at is null
2025-06-25T09:42:28.335+01:00 DEBUG 7182 --- [vehicule] [           main] org.hibernate.SQL                        : insert into users (actif,create_at,delete_at,email,password,update_at,username,id) values (?,?,?,?,?,?,?,?)
Hibernate: insert into users (actif,create_at,delete_at,email,password,update_at,username,id) values (?,?,?,?,?,?,?,?)
]]></system-out>
  </testcase>
  <testcase name="testRefreshAccessToken_InvalidToken" classname="com.projet.testing.vehicule.UserControllerTest" time="0.292"/>
  <testcase name="testLogin_InvalidCredentials" classname="com.projet.testing.vehicule.UserControllerTest" time="0.142">
    <system-out><![CDATA[2025-06-25T09:42:28.651+01:00 DEBUG 7182 --- [vehicule] [           main] org.hibernate.SQL                        : select u1_0.id,u1_0.actif,u1_0.create_at,u1_0.delete_at,u1_0.email,u1_0.password,u1_0.update_at,u1_0.username from users u1_0 where u1_0.email=? and u1_0.delete_at is null
Hibernate: select u1_0.id,u1_0.actif,u1_0.create_at,u1_0.delete_at,u1_0.email,u1_0.password,u1_0.update_at,u1_0.username from users u1_0 where u1_0.email=? and u1_0.delete_at is null
2025-06-25T09:42:28.774+01:00 DEBUG 7182 --- [vehicule] [           main] org.hibernate.SQL                        : select u1_0.id,u1_0.actif,u1_0.create_at,u1_0.delete_at,u1_0.email,u1_0.password,u1_0.update_at,u1_0.username from users u1_0 where u1_0.email=? and u1_0.delete_at is null
Hibernate: select u1_0.id,u1_0.actif,u1_0.create_at,u1_0.delete_at,u1_0.email,u1_0.password,u1_0.update_at,u1_0.username from users u1_0 where u1_0.email=? and u1_0.delete_at is null
]]></system-out>
    <system-err><![CDATA[Une Exception coté client a été levée
Une Exception coté client a été levée
]]></system-err>
  </testcase>
  <testcase name="testRefreshAccessToken_WithRefreshTokenNotFound" classname="com.projet.testing.vehicule.UserControllerTest" time="0.031">
    <system-out><![CDATA[2025-06-25T09:42:28.805+01:00 DEBUG 7182 --- [vehicule] [           main] org.hibernate.SQL                        : select rt1_0.id,rt1_0.create_at,rt1_0.creation,rt1_0.expiration,rt1_0.expire,rt1_0.update_at,rt1_0.valeur from refresh_token rt1_0 where rt1_0.valeur=? and not(rt1_0.expire)
Hibernate: select rt1_0.id,rt1_0.create_at,rt1_0.creation,rt1_0.expiration,rt1_0.expire,rt1_0.update_at,rt1_0.valeur from refresh_token rt1_0 where rt1_0.valeur=? and not(rt1_0.expire)
]]></system-out>
    <system-err><![CDATA[Une Exception coté client a été levée
]]></system-err>
  </testcase>
  <testcase name="testUpdateUser_NotFound" classname="com.projet.testing.vehicule.UserControllerTest" time="0.021">
    <system-out><![CDATA[2025-06-25T09:42:28.827+01:00 DEBUG 7182 --- [vehicule] [           main] org.hibernate.SQL                        : select u1_0.id,u1_0.actif,u1_0.create_at,u1_0.delete_at,u1_0.email,u1_0.password,u1_0.update_at,u1_0.username from users u1_0 where u1_0.id=? and u1_0.delete_at is null
Hibernate: select u1_0.id,u1_0.actif,u1_0.create_at,u1_0.delete_at,u1_0.email,u1_0.password,u1_0.update_at,u1_0.username from users u1_0 where u1_0.id=? and u1_0.delete_at is null
]]></system-out>
    <system-err><![CDATA[Une Exception coté client a été levée
]]></system-err>
  </testcase>
  <testcase name="testUpdateUser_InvalidEmail" classname="com.projet.testing.vehicule.UserControllerTest" time="0.143">
    <system-out><![CDATA[2025-06-25T09:42:28.846+01:00 DEBUG 7182 --- [vehicule] [           main] org.hibernate.SQL                        : select u1_0.id,u1_0.actif,u1_0.create_at,u1_0.delete_at,u1_0.email,u1_0.password,u1_0.update_at,u1_0.username from users u1_0 where u1_0.email=? and u1_0.delete_at is null
Hibernate: select u1_0.id,u1_0.actif,u1_0.create_at,u1_0.delete_at,u1_0.email,u1_0.password,u1_0.update_at,u1_0.username from users u1_0 where u1_0.email=? and u1_0.delete_at is null
2025-06-25T09:42:28.855+01:00 DEBUG 7182 --- [vehicule] [           main] org.hibernate.SQL                        : select u1_0.id,u1_0.actif,u1_0.create_at,u1_0.delete_at,u1_0.email,u1_0.password,u1_0.update_at,u1_0.username from users u1_0 where u1_0.id=? and u1_0.delete_at is null
Hibernate: select u1_0.id,u1_0.actif,u1_0.create_at,u1_0.delete_at,u1_0.email,u1_0.password,u1_0.update_at,u1_0.username from users u1_0 where u1_0.id=? and u1_0.delete_at is null
2025-06-25T09:42:28.972+01:00 DEBUG 7182 --- [vehicule] [           main] org.hibernate.SQL                        : select u1_0.id,u1_0.actif,u1_0.create_at,u1_0.delete_at,u1_0.email,u1_0.password,u1_0.update_at,u1_0.username from users u1_0 where u1_0.email=? and u1_0.delete_at is null
Hibernate: select u1_0.id,u1_0.actif,u1_0.create_at,u1_0.delete_at,u1_0.email,u1_0.password,u1_0.update_at,u1_0.username from users u1_0 where u1_0.email=? and u1_0.delete_at is null
]]></system-out>
    <system-err><![CDATA[Une Exception coté client a été levée
]]></system-err>
  </testcase>
  <testcase name="testRefreshAccessToken_ExpiredToken" classname="com.projet.testing.vehicule.UserControllerTest" time="0.027"/>
  <testcase name="testChangePassword_WeakPassword" classname="com.projet.testing.vehicule.UserControllerTest" time="0.153">
    <system-out><![CDATA[2025-06-25T09:42:29.020+01:00 DEBUG 7182 --- [vehicule] [           main] org.hibernate.SQL                        : select u1_0.id,u1_0.actif,u1_0.create_at,u1_0.delete_at,u1_0.email,u1_0.password,u1_0.update_at,u1_0.username from users u1_0 where u1_0.email=? and u1_0.delete_at is null
Hibernate: select u1_0.id,u1_0.actif,u1_0.create_at,u1_0.delete_at,u1_0.email,u1_0.password,u1_0.update_at,u1_0.username from users u1_0 where u1_0.email=? and u1_0.delete_at is null
2025-06-25T09:42:29.025+01:00 DEBUG 7182 --- [vehicule] [           main] org.hibernate.SQL                        : select u1_0.id,u1_0.actif,u1_0.create_at,u1_0.delete_at,u1_0.email,u1_0.password,u1_0.update_at,u1_0.username from users u1_0 where u1_0.email=? and u1_0.delete_at is null
Hibernate: select u1_0.id,u1_0.actif,u1_0.create_at,u1_0.delete_at,u1_0.email,u1_0.password,u1_0.update_at,u1_0.username from users u1_0 where u1_0.email=? and u1_0.delete_at is null
2025-06-25T09:42:29.143+01:00 DEBUG 7182 --- [vehicule] [           main] org.hibernate.SQL                        : select next value for refresh_token_seq
Hibernate: select next value for refresh_token_seq
2025-06-25T09:42:29.146+01:00 DEBUG 7182 --- [vehicule] [           main] org.hibernate.SQL                        : insert into refresh_token (create_at,creation,expiration,expire,update_at,valeur,id) values (?,?,?,?,?,?,?)
Hibernate: insert into refresh_token (create_at,creation,expiration,expire,update_at,valeur,id) values (?,?,?,?,?,?,?)
2025-06-25T09:42:29.149+01:00 DEBUG 7182 --- [vehicule] [           main] org.hibernate.SQL                        : select next value for jwt_seq
Hibernate: select next value for jwt_seq
2025-06-25T09:42:29.152+01:00 DEBUG 7182 --- [vehicule] [           main] org.hibernate.SQL                        : insert into jwt (desactive,expire,refresh_token_id,utilisateur_id,valeur,id) values (?,?,?,?,?,?)
Hibernate: insert into jwt (desactive,expire,refresh_token_id,utilisateur_id,valeur,id) values (?,?,?,?,?,?)
]]></system-out>
    <system-err><![CDATA[Une Exception coté client a été levée
]]></system-err>
  </testcase>
  <testcase name="testRefreshTokens_WithRefreshTokenNotFound" classname="com.projet.testing.vehicule.UserControllerTest" time="0.022">
    <system-out><![CDATA[2025-06-25T09:42:29.176+01:00 DEBUG 7182 --- [vehicule] [           main] org.hibernate.SQL                        : select rt1_0.id,rt1_0.create_at,rt1_0.creation,rt1_0.expiration,rt1_0.expire,rt1_0.update_at,rt1_0.valeur from refresh_token rt1_0 where rt1_0.valeur=? and not(rt1_0.expire)
Hibernate: select rt1_0.id,rt1_0.create_at,rt1_0.creation,rt1_0.expiration,rt1_0.expire,rt1_0.update_at,rt1_0.valeur from refresh_token rt1_0 where rt1_0.valeur=? and not(rt1_0.expire)
]]></system-out>
    <system-err><![CDATA[Une Exception coté client a été levée
]]></system-err>
  </testcase>
  <testcase name="testChangePassword_WrongOldPassword" classname="com.projet.testing.vehicule.UserControllerTest" time="0.134">
    <system-out><![CDATA[2025-06-25T09:42:29.198+01:00 DEBUG 7182 --- [vehicule] [           main] org.hibernate.SQL                        : select u1_0.id,u1_0.actif,u1_0.create_at,u1_0.delete_at,u1_0.email,u1_0.password,u1_0.update_at,u1_0.username from users u1_0 where u1_0.email=? and u1_0.delete_at is null
Hibernate: select u1_0.id,u1_0.actif,u1_0.create_at,u1_0.delete_at,u1_0.email,u1_0.password,u1_0.update_at,u1_0.username from users u1_0 where u1_0.email=? and u1_0.delete_at is null
2025-06-25T09:42:29.202+01:00 DEBUG 7182 --- [vehicule] [           main] org.hibernate.SQL                        : select u1_0.id,u1_0.actif,u1_0.create_at,u1_0.delete_at,u1_0.email,u1_0.password,u1_0.update_at,u1_0.username from users u1_0 where u1_0.email=? and u1_0.delete_at is null
Hibernate: select u1_0.id,u1_0.actif,u1_0.create_at,u1_0.delete_at,u1_0.email,u1_0.password,u1_0.update_at,u1_0.username from users u1_0 where u1_0.email=? and u1_0.delete_at is null
]]></system-out>
    <system-err><![CDATA[Une Exception coté client a été levée
]]></system-err>
  </testcase>
  <testcase name="testGetAllUsers_Success" classname="com.projet.testing.vehicule.UserControllerTest" time="0.023">
    <system-out><![CDATA[2025-06-25T09:42:29.331+01:00 DEBUG 7182 --- [vehicule] [           main] org.hibernate.SQL                        : select u1_0.id,u1_0.actif,u1_0.create_at,u1_0.delete_at,u1_0.email,u1_0.password,u1_0.update_at,u1_0.username from users u1_0 where u1_0.delete_at is null
Hibernate: select u1_0.id,u1_0.actif,u1_0.create_at,u1_0.delete_at,u1_0.email,u1_0.password,u1_0.update_at,u1_0.username from users u1_0 where u1_0.delete_at is null
]]></system-out>
  </testcase>
  <testcase name="testRefreshTokens_With_RefreshToken_Not_Expired" classname="com.projet.testing.vehicule.UserControllerTest" time="0.152">
    <system-out><![CDATA[2025-06-25T09:42:29.354+01:00 DEBUG 7182 --- [vehicule] [           main] org.hibernate.SQL                        : select u1_0.id,u1_0.actif,u1_0.create_at,u1_0.delete_at,u1_0.email,u1_0.password,u1_0.update_at,u1_0.username from users u1_0 where u1_0.email=? and u1_0.delete_at is null
Hibernate: select u1_0.id,u1_0.actif,u1_0.create_at,u1_0.delete_at,u1_0.email,u1_0.password,u1_0.update_at,u1_0.username from users u1_0 where u1_0.email=? and u1_0.delete_at is null
2025-06-25T09:42:29.473+01:00 DEBUG 7182 --- [vehicule] [           main] org.hibernate.SQL                        : select next value for refresh_token_seq
Hibernate: select next value for refresh_token_seq
2025-06-25T09:42:29.474+01:00 DEBUG 7182 --- [vehicule] [           main] org.hibernate.SQL                        : select next value for jwt_seq
Hibernate: select next value for jwt_seq
2025-06-25T09:42:29.480+01:00 DEBUG 7182 --- [vehicule] [           main] org.hibernate.SQL                        : insert into refresh_token (create_at,creation,expiration,expire,update_at,valeur,id) values (?,?,?,?,?,?,?)
Hibernate: insert into refresh_token (create_at,creation,expiration,expire,update_at,valeur,id) values (?,?,?,?,?,?,?)
2025-06-25T09:42:29.482+01:00 DEBUG 7182 --- [vehicule] [           main] org.hibernate.SQL                        : insert into jwt (desactive,expire,refresh_token_id,utilisateur_id,valeur,id) values (?,?,?,?,?,?)
Hibernate: insert into jwt (desactive,expire,refresh_token_id,utilisateur_id,valeur,id) values (?,?,?,?,?,?)
2025-06-25T09:42:29.484+01:00 DEBUG 7182 --- [vehicule] [           main] org.hibernate.SQL                        : select rt1_0.id,rt1_0.create_at,rt1_0.creation,rt1_0.expiration,rt1_0.expire,rt1_0.update_at,rt1_0.valeur from refresh_token rt1_0 where rt1_0.valeur=? and not(rt1_0.expire)
Hibernate: select rt1_0.id,rt1_0.create_at,rt1_0.creation,rt1_0.expiration,rt1_0.expire,rt1_0.update_at,rt1_0.valeur from refresh_token rt1_0 where rt1_0.valeur=? and not(rt1_0.expire)
]]></system-out>
    <system-err><![CDATA[Une Exception coté client a été levée
]]></system-err>
  </testcase>
  <testcase name="testAddUser_InvalidEmail" classname="com.projet.testing.vehicule.UserControllerTest" time="0.139">
    <system-out><![CDATA[2025-06-25T09:42:29.508+01:00 DEBUG 7182 --- [vehicule] [           main] org.hibernate.SQL                        : select u1_0.id,u1_0.actif,u1_0.create_at,u1_0.delete_at,u1_0.email,u1_0.password,u1_0.update_at,u1_0.username from users u1_0 where u1_0.email=? and u1_0.delete_at is null
Hibernate: select u1_0.id,u1_0.actif,u1_0.create_at,u1_0.delete_at,u1_0.email,u1_0.password,u1_0.update_at,u1_0.username from users u1_0 where u1_0.email=? and u1_0.delete_at is null
]]></system-out>
    <system-err><![CDATA[Une Exception coté client a été levée
]]></system-err>
  </testcase>
  <testcase name="testAddUser_WeakPassword" classname="com.projet.testing.vehicule.UserControllerTest" time="0.012"/>
  <testcase name="testRefreshAccessToken_Success" classname="com.projet.testing.vehicule.UserControllerTest" time="0.161">
    <system-out><![CDATA[2025-06-25T09:42:29.659+01:00 DEBUG 7182 --- [vehicule] [           main] org.hibernate.SQL                        : select u1_0.id,u1_0.actif,u1_0.create_at,u1_0.delete_at,u1_0.email,u1_0.password,u1_0.update_at,u1_0.username from users u1_0 where u1_0.email=? and u1_0.delete_at is null
Hibernate: select u1_0.id,u1_0.actif,u1_0.create_at,u1_0.delete_at,u1_0.email,u1_0.password,u1_0.update_at,u1_0.username from users u1_0 where u1_0.email=? and u1_0.delete_at is null
2025-06-25T09:42:29.777+01:00 DEBUG 7182 --- [vehicule] [           main] org.hibernate.SQL                        : select next value for refresh_token_seq
Hibernate: select next value for refresh_token_seq
2025-06-25T09:42:29.779+01:00 DEBUG 7182 --- [vehicule] [           main] org.hibernate.SQL                        : select next value for jwt_seq
Hibernate: select next value for jwt_seq
2025-06-25T09:42:29.791+01:00 DEBUG 7182 --- [vehicule] [           main] org.hibernate.SQL                        : insert into refresh_token (create_at,creation,expiration,expire,update_at,valeur,id) values (?,?,?,?,?,?,?)
Hibernate: insert into refresh_token (create_at,creation,expiration,expire,update_at,valeur,id) values (?,?,?,?,?,?,?)
2025-06-25T09:42:29.792+01:00 DEBUG 7182 --- [vehicule] [           main] org.hibernate.SQL                        : insert into jwt (desactive,expire,refresh_token_id,utilisateur_id,valeur,id) values (?,?,?,?,?,?)
Hibernate: insert into jwt (desactive,expire,refresh_token_id,utilisateur_id,valeur,id) values (?,?,?,?,?,?)
2025-06-25T09:42:29.793+01:00 DEBUG 7182 --- [vehicule] [           main] org.hibernate.SQL                        : select rt1_0.id,rt1_0.create_at,rt1_0.creation,rt1_0.expiration,rt1_0.expire,rt1_0.update_at,rt1_0.valeur from refresh_token rt1_0 where rt1_0.valeur=? and not(rt1_0.expire)
Hibernate: select rt1_0.id,rt1_0.create_at,rt1_0.creation,rt1_0.expiration,rt1_0.expire,rt1_0.update_at,rt1_0.valeur from refresh_token rt1_0 where rt1_0.valeur=? and not(rt1_0.expire)
2025-06-25T09:42:29.797+01:00 DEBUG 7182 --- [vehicule] [           main] org.hibernate.SQL                        : select j1_0.id,j1_0.desactive,j1_0.expire,j1_0.refresh_token_id,j1_0.utilisateur_id,j1_0.valeur from jwt j1_0 where j1_0.refresh_token_id=?
Hibernate: select j1_0.id,j1_0.desactive,j1_0.expire,j1_0.refresh_token_id,j1_0.utilisateur_id,j1_0.valeur from jwt j1_0 where j1_0.refresh_token_id=?
]]></system-out>
  </testcase>
  <testcase name="testGetUser_FailedWithNotFoundEmail" classname="com.projet.testing.vehicule.UserControllerTest" time="0.013">
    <system-out><![CDATA[2025-06-25T09:42:29.820+01:00 DEBUG 7182 --- [vehicule] [           main] org.hibernate.SQL                        : select u1_0.id,u1_0.actif,u1_0.create_at,u1_0.delete_at,u1_0.email,u1_0.password,u1_0.update_at,u1_0.username from users u1_0 where u1_0.email=? and u1_0.delete_at is null
Hibernate: select u1_0.id,u1_0.actif,u1_0.create_at,u1_0.delete_at,u1_0.email,u1_0.password,u1_0.update_at,u1_0.username from users u1_0 where u1_0.email=? and u1_0.delete_at is null
]]></system-out>
    <system-err><![CDATA[Une Exception coté client a été levée
]]></system-err>
  </testcase>
</testsuite>