<?xml version="1.0" encoding="UTF-8"?>
<testsuite xmlns:xsi="http://www.w3.org/2001/XMLSchema-instance" xsi:noNamespaceSchemaLocation="https://maven.apache.org/surefire/maven-surefire-plugin/xsd/surefire-test-report-3.0.xsd" version="3.0" name="com.projet.testing.vehicule.VehiculeServiceTest" time="1.195" tests="10" errors="0" skipped="0" failures="0">
  <properties>
[...]
</properties>
  <testcase name="test1_createVehiculeSuccess" classname="com.projet.testing.vehicule.VehiculeServiceTest" time="0.13">
    <system-out><![CDATA[2025-06-30T02:46:29.576+02:00  INFO 8860 --- [vehicule] [           main] t.c.s.AnnotationConfigContextLoaderUtils : Could not detect default configuration classes for test class [com.projet.testing.vehicule.VehiculeServiceTest]: VehiculeServiceTest does not declare any static, non-private, non-final, nested classes annotated with @Configuration.
2025-06-30T02:46:29.584+02:00  INFO 8860 --- [vehicule] [           main] .b.t.c.SpringBootTestContextBootstrapper : Found @SpringBootConfiguration com.projet.testing.vehicule.VehiculeApplication for test class com.projet.testing.vehicule.VehiculeServiceTest
2025-06-30T02:46:29.649+02:00 DEBUG 8860 --- [vehicule] [           main] org.hibernate.SQL                        : select v1_0.id,v1_0.chemin_vers_image,v1_0.make,v1_0.model,v1_0.registration_number,v1_0.rental_price,v1_0.anee from vehicule v1_0 where v1_0.registration_number=?
Hibernate: select v1_0.id,v1_0.chemin_vers_image,v1_0.make,v1_0.model,v1_0.registration_number,v1_0.rental_price,v1_0.anee from vehicule v1_0 where v1_0.registration_number=?
2025-06-30T02:46:29.674+02:00 DEBUG 8860 --- [vehicule] [           main] org.hibernate.SQL                        : insert into vehicule (chemin_vers_image,make,model,registration_number,rental_price,anee,id) values (?,?,?,?,?,?,?)
Hibernate: insert into vehicule (chemin_vers_image,make,model,registration_number,rental_price,anee,id) values (?,?,?,?,?,?,?)
2025-06-30T02:46:29.684+02:00 DEBUG 8860 --- [vehicule] [           main] org.hibernate.SQL                        : select v1_0.id,v1_0.chemin_vers_image,v1_0.make,v1_0.model,v1_0.registration_number,v1_0.rental_price,v1_0.anee from vehicule v1_0 where v1_0.registration_number=?
Hibernate: select v1_0.id,v1_0.chemin_vers_image,v1_0.make,v1_0.model,v1_0.registration_number,v1_0.rental_price,v1_0.anee from vehicule v1_0 where v1_0.registration_number=?
Vehicule créé : ID=e70df24d-035d-4a3a-82e2-eb062df71f94, RegistrationNumber=WF_33495372
]]></system-out>
  </testcase>
  <testcase name="test2_getVehiculeByIdSuccess" classname="com.projet.testing.vehicule.VehiculeServiceTest" time="0.142">
    <system-out><![CDATA[2025-06-30T02:46:29.833+02:00 DEBUG 8860 --- [vehicule] [           main] org.hibernate.SQL                        : select v1_0.id,v1_0.chemin_vers_image,v1_0.make,v1_0.model,v1_0.registration_number,v1_0.rental_price,v1_0.anee from vehicule v1_0 where v1_0.id=?
Hibernate: select v1_0.id,v1_0.chemin_vers_image,v1_0.make,v1_0.model,v1_0.registration_number,v1_0.rental_price,v1_0.anee from vehicule v1_0 where v1_0.id=?
Vehicule récupéré par ID : com.projet.testing.vehicule.dto.VehiculeDto@3f184be4
]]></system-out>
  </testcase>
  <testcase name="test3_getVehiculeByNumberSuccess" classname="com.projet.testing.vehicule.VehiculeServiceTest" time="0.025">
    <system-out><![CDATA[2025-06-30T02:46:29.894+02:00 DEBUG 8860 --- [vehicule] [           main] org.hibernate.SQL                        : select v1_0.id,v1_0.chemin_vers_image,v1_0.make,v1_0.model,v1_0.registration_number,v1_0.rental_price,v1_0.anee from vehicule v1_0 where v1_0.registration_number=?
Hibernate: select v1_0.id,v1_0.chemin_vers_image,v1_0.make,v1_0.model,v1_0.registration_number,v1_0.rental_price,v1_0.anee from vehicule v1_0 where v1_0.registration_number=?
Vehicule récupéré par numéro d'immatriculation : com.projet.testing.vehicule.dto.VehiculeDto@3146a591
]]></system-out>
  </testcase>
  <testcase name="test4_updateVehiculeSuccess" classname="com.projet.testing.vehicule.VehiculeServiceTest" time="0.05">
    <system-out><![CDATA[2025-06-30T02:46:30.018+02:00 DEBUG 8860 --- [vehicule] [           main] org.hibernate.SQL                        : select v1_0.id,v1_0.chemin_vers_image,v1_0.make,v1_0.model,v1_0.registration_number,v1_0.rental_price,v1_0.anee from vehicule v1_0 where v1_0.id=?
Hibernate: select v1_0.id,v1_0.chemin_vers_image,v1_0.make,v1_0.model,v1_0.registration_number,v1_0.rental_price,v1_0.anee from vehicule v1_0 where v1_0.id=?
Vehicule mis à jour : com.projet.testing.vehicule.dto.VehiculeDto@3961a5ac
2025-06-30T02:46:30.042+02:00 DEBUG 8860 --- [vehicule] [           main] org.hibernate.SQL                        : update vehicule set chemin_vers_image=?,make=?,model=?,registration_number=?,rental_price=?,anee=? where id=?
Hibernate: update vehicule set chemin_vers_image=?,make=?,model=?,registration_number=?,rental_price=?,anee=? where id=?
]]></system-out>
  </testcase>
  <testcase name="test5_addImageToVehicule" classname="com.projet.testing.vehicule.VehiculeServiceTest" time="0.258">
    <system-out><![CDATA[2025-06-30T02:46:30.074+02:00 DEBUG 8860 --- [vehicule] [           main] org.hibernate.SQL                        : select v1_0.id,v1_0.chemin_vers_image,v1_0.make,v1_0.model,v1_0.registration_number,v1_0.rental_price,v1_0.anee from vehicule v1_0 where v1_0.id=?
Hibernate: select v1_0.id,v1_0.chemin_vers_image,v1_0.make,v1_0.model,v1_0.registration_number,v1_0.rental_price,v1_0.anee from vehicule v1_0 where v1_0.id=?
test-image.jpg
2025-06-30T02:46:30.093+02:00 DEBUG 8860 --- [vehicule] [           main] org.hibernate.SQL                        : insert into images (chemin,nom,vehicule_id,id) values (?,?,?,default)
Hibernate: insert into images (chemin,nom,vehicule_id,id) values (?,?,?,default)
Image ajoutée au véhicule : com.projet.testing.vehicule.dto.ImagesDto@4faa247b
2025-06-30T02:46:30.243+02:00 DEBUG 8860 --- [vehicule] [           main] org.hibernate.SQL                        : update vehicule set chemin_vers_image=?,make=?,model=?,registration_number=?,rental_price=?,anee=? where id=?
Hibernate: update vehicule set chemin_vers_image=?,make=?,model=?,registration_number=?,rental_price=?,anee=? where id=?
2025-06-30T02:46:30.251+02:00 DEBUG 8860 --- [vehicule] [           main] org.hibernate.SQL                        : update images set chemin=?,nom=?,vehicule_id=? where id=?
Hibernate: update images set chemin=?,nom=?,vehicule_id=? where id=?
]]></system-out>
  </testcase>
  <testcase name="test6_getAllVehicule" classname="com.projet.testing.vehicule.VehiculeServiceTest" time="0.124">
    <system-out><![CDATA[2025-06-30T02:46:30.333+02:00 DEBUG 8860 --- [vehicule] [           main] org.hibernate.SQL                        : select v1_0.id,v1_0.chemin_vers_image,v1_0.make,v1_0.model,v1_0.registration_number,v1_0.rental_price,v1_0.anee from vehicule v1_0
Hibernate: select v1_0.id,v1_0.chemin_vers_image,v1_0.make,v1_0.model,v1_0.registration_number,v1_0.rental_price,v1_0.anee from vehicule v1_0
Nombre total de véhicules : 1
]]></system-out>
  </testcase>
  <testcase name="test7_getVehicule" classname="com.projet.testing.vehicule.VehiculeServiceTest" time="0.1">
    <system-out><![CDATA[2025-06-30T02:46:30.448+02:00 DEBUG 8860 --- [vehicule] [           main] org.hibernate.SQL                        : select v1_0.id,v1_0.chemin_vers_image,v1_0.make,v1_0.model,v1_0.registration_number,v1_0.rental_price,v1_0.anee from vehicule v1_0 where v1_0.registration_number=?
Hibernate: select v1_0.id,v1_0.chemin_vers_image,v1_0.make,v1_0.model,v1_0.registration_number,v1_0.rental_price,v1_0.anee from vehicule v1_0 where v1_0.registration_number=?
2025-06-30T02:46:30.516+02:00 DEBUG 8860 --- [vehicule] [           main] org.hibernate.SQL                        : insert into vehicule (chemin_vers_image,make,model,registration_number,rental_price,anee,id) values (?,?,?,?,?,?,?)
Hibernate: insert into vehicule (chemin_vers_image,make,model,registration_number,rental_price,anee,id) values (?,?,?,?,?,?,?)
2025-06-30T02:46:30.524+02:00 DEBUG 8860 --- [vehicule] [           main] org.hibernate.SQL                        : select v1_0.id,v1_0.chemin_vers_image,v1_0.make,v1_0.model,v1_0.registration_number,v1_0.rental_price,v1_0.anee from vehicule v1_0 where v1_0.rental_price=?
Hibernate: select v1_0.id,v1_0.chemin_vers_image,v1_0.make,v1_0.model,v1_0.registration_number,v1_0.rental_price,v1_0.anee from vehicule v1_0 where v1_0.rental_price=?
Véhicules récupérés par prix 200.0 : 1
]]></system-out>
  </testcase>
  <testcase name="test8_deleteVehiculeSuccess" classname="com.projet.testing.vehicule.VehiculeServiceTest" time="0.11">
    <system-out><![CDATA[2025-06-30T02:46:30.548+02:00 DEBUG 8860 --- [vehicule] [           main] org.hibernate.SQL                        : select v1_0.id,v1_0.chemin_vers_image,v1_0.make,v1_0.model,v1_0.registration_number,v1_0.rental_price,v1_0.anee from vehicule v1_0 where v1_0.id=?
Hibernate: select v1_0.id,v1_0.chemin_vers_image,v1_0.make,v1_0.model,v1_0.registration_number,v1_0.rental_price,v1_0.anee from vehicule v1_0 where v1_0.id=?
2025-06-30T02:46:30.600+02:00 DEBUG 8860 --- [vehicule] [           main] org.hibernate.SQL                        : select i1_0.vehicule_id,i1_1.id,i1_1.chemin,i1_1.nom,i1_1.vehicule_id,v1_0.id,v1_0.chemin_vers_image,v1_0.make,v1_0.model,v1_0.registration_number,v1_0.rental_price,v1_0.anee from vehicule_images i1_0 join images i1_1 on i1_1.id=i1_0.images_id left join vehicule v1_0 on v1_0.id=i1_1.vehicule_id where i1_0.vehicule_id=?
Hibernate: select i1_0.vehicule_id,i1_1.id,i1_1.chemin,i1_1.nom,i1_1.vehicule_id,v1_0.id,v1_0.chemin_vers_image,v1_0.make,v1_0.model,v1_0.registration_number,v1_0.rental_price,v1_0.anee from vehicule_images i1_0 join images i1_1 on i1_1.id=i1_0.images_id left join vehicule v1_0 on v1_0.id=i1_1.vehicule_id where i1_0.vehicule_id=?
Vehicule avec ID e70df24d-035d-4a3a-82e2-eb062df71f94 supprimé.
]]></system-out>
  </testcase>
  <testcase name="test9_deleteVehiculeNotFoundAfterDeletion" classname="com.projet.testing.vehicule.VehiculeServiceTest" time="0.035">
    <system-out><![CDATA[2025-06-30T02:46:30.677+02:00 DEBUG 8860 --- [vehicule] [           main] org.hibernate.SQL                        : select v1_0.id,v1_0.chemin_vers_image,v1_0.make,v1_0.model,v1_0.registration_number,v1_0.rental_price,v1_0.anee from vehicule v1_0 where v1_0.id=?
Hibernate: select v1_0.id,v1_0.chemin_vers_image,v1_0.make,v1_0.model,v1_0.registration_number,v1_0.rental_price,v1_0.anee from vehicule v1_0 where v1_0.id=?
Tentative de suppression d'un véhicule inexistant (ID: bd7eb614-f14e-4869-a0ca-10bf65b9d889) a échoué comme prévu (exception lancée : Véhicule non trouvé).
]]></system-out>
  </testcase>
  <testcase name="test11_createVehicule_duplicateRegistrationNumber_shouldThrowException" classname="com.projet.testing.vehicule.VehiculeServiceTest" time="0.052">
    <system-out><![CDATA[2025-06-30T02:46:30.731+02:00 DEBUG 8860 --- [vehicule] [           main] org.hibernate.SQL                        : select v1_0.id,v1_0.chemin_vers_image,v1_0.make,v1_0.model,v1_0.registration_number,v1_0.rental_price,v1_0.anee from vehicule v1_0 where v1_0.registration_number=?
Hibernate: select v1_0.id,v1_0.chemin_vers_image,v1_0.make,v1_0.model,v1_0.registration_number,v1_0.rental_price,v1_0.anee from vehicule v1_0 where v1_0.registration_number=?
2025-06-30T02:46:30.739+02:00 DEBUG 8860 --- [vehicule] [           main] org.hibernate.SQL                        : insert into vehicule (chemin_vers_image,make,model,registration_number,rental_price,anee,id) values (?,?,?,?,?,?,?)
Hibernate: insert into vehicule (chemin_vers_image,make,model,registration_number,rental_price,anee,id) values (?,?,?,?,?,?,?)
2025-06-30T02:46:30.747+02:00 DEBUG 8860 --- [vehicule] [           main] org.hibernate.SQL                        : select v1_0.id,v1_0.chemin_vers_image,v1_0.make,v1_0.model,v1_0.registration_number,v1_0.rental_price,v1_0.anee from vehicule v1_0 where v1_0.registration_number=?
Hibernate: select v1_0.id,v1_0.chemin_vers_image,v1_0.make,v1_0.model,v1_0.registration_number,v1_0.rental_price,v1_0.anee from vehicule v1_0 where v1_0.registration_number=?
Tentative de création avec numéro d'immatriculation en doublon a échoué comme prévu : Il existe deja des vehicules avec ces numeros de registration
]]></system-out>
  </testcase>
</testsuite>