<?xml version="1.0" encoding="UTF-8"?>
<testsuite xmlns:xsi="http://www.w3.org/2001/XMLSchema-instance" xsi:noNamespaceSchemaLocation="https://maven.apache.org/surefire/maven-surefire-plugin/xsd/surefire-test-report-3.0.xsd" version="3.0" name="com.projet.testing.vehicule.UserControllerTest" time="46.222" tests="22" errors="0" skipped="0" failures="0">
  <properties>
[...]
</properties>
  <testcase name="testGetUserByMail" classname="com.projet.testing.vehicule.UserControllerTest" time="16.4">
    <system-out><![CDATA[2025-06-30T02:45:25.048+02:00  INFO 8860 --- [vehicule] [           main] t.c.s.AnnotationConfigContextLoaderUtils : Could not detect default configuration classes for test class [com.projet.testing.vehicule.UserControllerTest]: UserControllerTest does not declare any static, non-private, non-final, nested classes annotated with @Configuration.
2025-06-30T02:45:25.264+02:00  INFO 8860 --- [vehicule] [           main] .b.t.c.SpringBootTestContextBootstrapper : Found @SpringBootConfiguration com.projet.testing.vehicule.VehiculeApplication for test class com.projet.testing.vehicule.UserControllerTest

  .   ____          _            __ _ _
 /\\ / ___'_ __ _ _(_)_ __  __ _ \ \ \ \
( ( )\___ | '_ | '_| | '_ \/ _` | \ \ \ \
 \\/  ___)| |_)| | | | | || (_| |  ) ) ) )
  '  |____| .__|_| |_|_| |_\__, | / / / /
 =========|_|==============|___/=/_/_/_/

 :: Spring Boot ::                (v3.3.4)

2025-06-30T02:45:25.580+02:00  INFO 8860 --- [vehicule] [           main] c.p.testing.vehicule.UserControllerTest  : Starting UserControllerTest using Java 21.0.7 with PID 8860 (started by MON PC in G:\Projet-Group10-Testing\vehicule)
2025-06-30T02:45:25.580+02:00  INFO 8860 --- [vehicule] [           main] c.p.testing.vehicule.UserControllerTest  : The following 1 profile is active: "test"
2025-06-30T02:45:27.450+02:00  INFO 8860 --- [vehicule] [           main] .s.d.r.c.RepositoryConfigurationDelegate : Bootstrapping Spring Data JPA repositories in DEFAULT mode.
2025-06-30T02:45:27.559+02:00  INFO 8860 --- [vehicule] [           main] .s.d.r.c.RepositoryConfigurationDelegate : Finished Spring Data repository scanning in 107 ms. Found 6 JPA repository interfaces.
2025-06-30T02:45:28.403+02:00  INFO 8860 --- [vehicule] [           main] o.hibernate.jpa.internal.util.LogHelper  : HHH000204: Processing PersistenceUnitInfo [name: default]
2025-06-30T02:45:28.403+02:00  INFO 8860 --- [vehicule] [           main] o.h.c.internal.RegionFactoryInitiator    : HHH000026: Second-level cache disabled
2025-06-30T02:45:28.448+02:00  INFO 8860 --- [vehicule] [           main] o.s.o.j.p.SpringPersistenceUnitInfo      : No LoadTimeWeaver setup: ignoring JPA class transformer
2025-06-30T02:45:28.467+02:00  INFO 8860 --- [vehicule] [           main] com.zaxxer.hikari.HikariDataSource       : HikariPool-2 - Starting...
2025-06-30T02:45:31.738+02:00  INFO 8860 --- [vehicule] [           main] com.zaxxer.hikari.pool.HikariPool        : HikariPool-2 - Added connection conn0: url=jdbc:h2:mem:testdb user=SA
2025-06-30T02:45:31.738+02:00  INFO 8860 --- [vehicule] [           main] com.zaxxer.hikari.HikariDataSource       : HikariPool-2 - Start completed.
2025-06-30T02:45:31.761+02:00  WARN 8860 --- [vehicule] [           main] org.hibernate.orm.deprecation            : HHH90000025: H2Dialect does not need to be specified explicitly using 'hibernate.dialect' (remove the property setting and it will be selected by default)
2025-06-30T02:45:32.697+02:00  INFO 8860 --- [vehicule] [           main] o.h.e.t.j.p.i.JtaPlatformInitiator       : HHH000489: No JTA platform available (set 'hibernate.transaction.jta.platform' to enable JTA platform integration)
2025-06-30T02:45:32.705+02:00 DEBUG 8860 --- [vehicule] [           main] org.hibernate.SQL                        : drop table if exists images cascade 
Hibernate: drop table if exists images cascade 
2025-06-30T02:45:32.723+02:00 DEBUG 8860 --- [vehicule] [           main] org.hibernate.SQL                        : drop table if exists jwt cascade 
Hibernate: drop table if exists jwt cascade 
2025-06-30T02:45:32.723+02:00 DEBUG 8860 --- [vehicule] [           main] org.hibernate.SQL                        : drop table if exists refresh_token cascade 
Hibernate: drop table if exists refresh_token cascade 
2025-06-30T02:45:32.723+02:00 DEBUG 8860 --- [vehicule] [           main] org.hibernate.SQL                        : drop table if exists users cascade 
Hibernate: drop table if exists users cascade 
2025-06-30T02:45:32.723+02:00 DEBUG 8860 --- [vehicule] [           main] org.hibernate.SQL                        : drop table if exists vehicule cascade 
Hibernate: drop table if exists vehicule cascade 
2025-06-30T02:45:32.730+02:00 DEBUG 8860 --- [vehicule] [           main] org.hibernate.SQL                        : drop table if exists vehicule_images cascade 
Hibernate: drop table if exists vehicule_images cascade 
2025-06-30T02:45:32.733+02:00 DEBUG 8860 --- [vehicule] [           main] org.hibernate.SQL                        : drop sequence if exists jwt_seq
Hibernate: drop sequence if exists jwt_seq
2025-06-30T02:45:32.733+02:00 DEBUG 8860 --- [vehicule] [           main] org.hibernate.SQL                        : drop sequence if exists refresh_token_seq
Hibernate: drop sequence if exists refresh_token_seq
2025-06-30T02:45:32.749+02:00 DEBUG 8860 --- [vehicule] [           main] org.hibernate.SQL                        : create sequence jwt_seq start with 1 increment by 1
Hibernate: create sequence jwt_seq start with 1 increment by 1
2025-06-30T02:45:32.765+02:00 DEBUG 8860 --- [vehicule] [           main] org.hibernate.SQL                        : create sequence refresh_token_seq start with 1 increment by 1
Hibernate: create sequence refresh_token_seq start with 1 increment by 1
2025-06-30T02:45:32.773+02:00 DEBUG 8860 --- [vehicule] [           main] org.hibernate.SQL                        : create table images (id bigint generated by default as identity, vehicule_id uuid not null, chemin varchar(255), nom varchar(255), primary key (id))
Hibernate: create table images (id bigint generated by default as identity, vehicule_id uuid not null, chemin varchar(255), nom varchar(255), primary key (id))
2025-06-30T02:45:32.852+02:00 DEBUG 8860 --- [vehicule] [           main] org.hibernate.SQL                        : create table jwt (desactive boolean not null, expire boolean not null, id bigint not null, refresh_token_id bigint unique, utilisateur_id uuid, valeur varchar(255), primary key (id))
Hibernate: create table jwt (desactive boolean not null, expire boolean not null, id bigint not null, refresh_token_id bigint unique, utilisateur_id uuid, valeur varchar(255), primary key (id))
2025-06-30T02:45:32.869+02:00 DEBUG 8860 --- [vehicule] [           main] org.hibernate.SQL                        : create table refresh_token (expire boolean not null, create_at timestamp(6) not null, creation timestamp(6) with time zone, expiration timestamp(6) with time zone, id bigint not null, update_at timestamp(6), valeur varchar(255), primary key (id))
Hibernate: create table refresh_token (expire boolean not null, create_at timestamp(6) not null, creation timestamp(6) with time zone, expiration timestamp(6) with time zone, id bigint not null, update_at timestamp(6), valeur varchar(255), primary key (id))
2025-06-30T02:45:32.885+02:00 DEBUG 8860 --- [vehicule] [           main] org.hibernate.SQL                        : create table users (actif boolean not null, create_at timestamp(6) not null, delete_at timestamp(6), update_at timestamp(6), id uuid not null, email varchar(255), password varchar(255) not null, username varchar(255) not null, primary key (id))
Hibernate: create table users (actif boolean not null, create_at timestamp(6) not null, delete_at timestamp(6), update_at timestamp(6), id uuid not null, email varchar(255), password varchar(255) not null, username varchar(255) not null, primary key (id))
2025-06-30T02:45:32.901+02:00 DEBUG 8860 --- [vehicule] [           main] org.hibernate.SQL                        : create table vehicule (anee integer, rental_price float(53) not null, id uuid not null, chemin_vers_image varchar(255), make varchar(255), model varchar(255), registration_number varchar(255) not null unique, primary key (id))
Hibernate: create table vehicule (anee integer, rental_price float(53) not null, id uuid not null, chemin_vers_image varchar(255), make varchar(255), model varchar(255), registration_number varchar(255) not null unique, primary key (id))
2025-06-30T02:45:32.909+02:00 DEBUG 8860 --- [vehicule] [           main] org.hibernate.SQL                        : create table vehicule_images (images_id bigint not null unique, vehicule_id uuid not null)
Hibernate: create table vehicule_images (images_id bigint not null unique, vehicule_id uuid not null)
2025-06-30T02:45:32.931+02:00 DEBUG 8860 --- [vehicule] [           main] org.hibernate.SQL                        : alter table if exists images add constraint FKq4uoyualnh7w3e2smtqxyusbd foreign key (vehicule_id) references vehicule
Hibernate: alter table if exists images add constraint FKq4uoyualnh7w3e2smtqxyusbd foreign key (vehicule_id) references vehicule
2025-06-30T02:45:33.180+02:00 DEBUG 8860 --- [vehicule] [           main] org.hibernate.SQL                        : alter table if exists jwt add constraint FK5x5slihm7dnfvkhsuw4o3c94o foreign key (refresh_token_id) references refresh_token
Hibernate: alter table if exists jwt add constraint FK5x5slihm7dnfvkhsuw4o3c94o foreign key (refresh_token_id) references refresh_token
2025-06-30T02:45:33.188+02:00 DEBUG 8860 --- [vehicule] [           main] org.hibernate.SQL                        : alter table if exists jwt add constraint FKowcjt2bsvexgfk617r9viwrha foreign key (utilisateur_id) references users
Hibernate: alter table if exists jwt add constraint FKowcjt2bsvexgfk617r9viwrha foreign key (utilisateur_id) references users
2025-06-30T02:45:33.249+02:00 DEBUG 8860 --- [vehicule] [           main] org.hibernate.SQL                        : alter table if exists vehicule_images add constraint FK1rpj7t1lxkrafpwd3lvdve3b7 foreign key (images_id) references images
Hibernate: alter table if exists vehicule_images add constraint FK1rpj7t1lxkrafpwd3lvdve3b7 foreign key (images_id) references images
2025-06-30T02:45:33.267+02:00 DEBUG 8860 --- [vehicule] [           main] org.hibernate.SQL                        : alter table if exists vehicule_images add constraint FKo3400ac44xbsi74nhvv7kvwkj foreign key (vehicule_id) references vehicule
Hibernate: alter table if exists vehicule_images add constraint FKo3400ac44xbsi74nhvv7kvwkj foreign key (vehicule_id) references vehicule
2025-06-30T02:45:33.317+02:00  INFO 8860 --- [vehicule] [           main] j.LocalContainerEntityManagerFactoryBean : Initialized JPA EntityManagerFactory for persistence unit 'default'
2025-06-30T02:45:38.211+02:00  WARN 8860 --- [vehicule] [           main] JpaBaseConfiguration$JpaWebConfiguration : spring.jpa.open-in-view is enabled by default. Therefore, database queries may be performed during view rendering. Explicitly configure spring.jpa.open-in-view to disable this warning
2025-06-30T02:45:38.330+02:00  WARN 8860 --- [vehicule] [           main] .s.s.UserDetailsServiceAutoConfiguration : 

Using generated security password: 57a87da2-635d-4d62-9a21-e17838370366

This generated password is for development use only. Your security configuration must be updated before running your application in production.

2025-06-30T02:45:38.338+02:00  INFO 8860 --- [vehicule] [           main] r$InitializeUserDetailsManagerConfigurer : Global AuthenticationManager configured with UserDetailsService bean with name inMemoryUserDetailsManager
2025-06-30T02:45:41.763+02:00  INFO 8860 --- [vehicule] [           main] o.s.b.a.h2.H2ConsoleAutoConfiguration    : H2 console available at '/h2-console'. Database available at 'jdbc:h2:mem:testdb'
2025-06-30T02:45:42.883+02:00  INFO 8860 --- [vehicule] [           main] o.s.b.t.m.w.SpringBootMockServletContext : Initializing Spring TestDispatcherServlet ''
2025-06-30T02:45:42.883+02:00  INFO 8860 --- [vehicule] [           main] o.s.t.web.servlet.TestDispatcherServlet  : Initializing Servlet ''
2025-06-30T02:45:42.891+02:00  INFO 8860 --- [vehicule] [           main] o.s.t.web.servlet.TestDispatcherServlet  : Completed initialization in 8 ms
2025-06-30T02:45:43.000+02:00  INFO 8860 --- [vehicule] [           main] c.p.testing.vehicule.UserControllerTest  : Started UserControllerTest in 17.72 seconds (process running for 103.985)
2025-06-30T02:45:55.944+02:00 DEBUG 8860 --- [vehicule] [           main] org.hibernate.SQL                        : select u1_0.id,u1_0.actif,u1_0.create_at,u1_0.delete_at,u1_0.email,u1_0.password,u1_0.update_at,u1_0.username from users u1_0 where u1_0.email=? and u1_0.delete_at is null
Hibernate: select u1_0.id,u1_0.actif,u1_0.create_at,u1_0.delete_at,u1_0.email,u1_0.password,u1_0.update_at,u1_0.username from users u1_0 where u1_0.email=? and u1_0.delete_at is null
2025-06-30T02:45:57.499+02:00 DEBUG 8860 --- [vehicule] [           main] org.hibernate.SQL                        : insert into users (actif,create_at,delete_at,email,password,update_at,username,id) values (?,?,?,?,?,?,?,?)
Hibernate: insert into users (actif,create_at,delete_at,email,password,update_at,username,id) values (?,?,?,?,?,?,?,?)
2025-06-30T02:45:58.099+02:00 DEBUG 8860 --- [vehicule] [           main] org.hibernate.SQL                        : select u1_0.id,u1_0.actif,u1_0.create_at,u1_0.delete_at,u1_0.email,u1_0.password,u1_0.update_at,u1_0.username from users u1_0 where u1_0.email=? and u1_0.delete_at is null
Hibernate: select u1_0.id,u1_0.actif,u1_0.create_at,u1_0.delete_at,u1_0.email,u1_0.password,u1_0.update_at,u1_0.username from users u1_0 where u1_0.email=? and u1_0.delete_at is null
]]></system-out>
  </testcase>
  <testcase name="testChangePassword_Success" classname="com.projet.testing.vehicule.UserControllerTest" time="3.263">
    <system-out><![CDATA[2025-06-30T02:45:59.982+02:00 DEBUG 8860 --- [vehicule] [           main] org.hibernate.SQL                        : select u1_0.id,u1_0.actif,u1_0.create_at,u1_0.delete_at,u1_0.email,u1_0.password,u1_0.update_at,u1_0.username from users u1_0 where u1_0.email=? and u1_0.delete_at is null
Hibernate: select u1_0.id,u1_0.actif,u1_0.create_at,u1_0.delete_at,u1_0.email,u1_0.password,u1_0.update_at,u1_0.username from users u1_0 where u1_0.email=? and u1_0.delete_at is null
2025-06-30T02:46:00.669+02:00 DEBUG 8860 --- [vehicule] [           main] org.hibernate.SQL                        : insert into users (actif,create_at,delete_at,email,password,update_at,username,id) values (?,?,?,?,?,?,?,?)
Hibernate: insert into users (actif,create_at,delete_at,email,password,update_at,username,id) values (?,?,?,?,?,?,?,?)
2025-06-30T02:46:00.912+02:00 DEBUG 8860 --- [vehicule] [           main] org.hibernate.SQL                        : select u1_0.id,u1_0.actif,u1_0.create_at,u1_0.delete_at,u1_0.email,u1_0.password,u1_0.update_at,u1_0.username from users u1_0 where u1_0.email=? and u1_0.delete_at is null
Hibernate: select u1_0.id,u1_0.actif,u1_0.create_at,u1_0.delete_at,u1_0.email,u1_0.password,u1_0.update_at,u1_0.username from users u1_0 where u1_0.email=? and u1_0.delete_at is null
2025-06-30T02:46:01.018+02:00 DEBUG 8860 --- [vehicule] [           main] org.hibernate.SQL                        : select u1_0.id,u1_0.actif,u1_0.create_at,u1_0.delete_at,u1_0.email,u1_0.password,u1_0.update_at,u1_0.username from users u1_0 where u1_0.email=? and u1_0.delete_at is null
Hibernate: select u1_0.id,u1_0.actif,u1_0.create_at,u1_0.delete_at,u1_0.email,u1_0.password,u1_0.update_at,u1_0.username from users u1_0 where u1_0.email=? and u1_0.delete_at is null
2025-06-30T02:46:02.146+02:00 DEBUG 8860 --- [vehicule] [           main] org.hibernate.SQL                        : select next value for refresh_token_seq
Hibernate: select next value for refresh_token_seq
2025-06-30T02:46:02.163+02:00 DEBUG 8860 --- [vehicule] [           main] org.hibernate.SQL                        : insert into refresh_token (create_at,creation,expiration,expire,update_at,valeur,id) values (?,?,?,?,?,?,?)
Hibernate: insert into refresh_token (create_at,creation,expiration,expire,update_at,valeur,id) values (?,?,?,?,?,?,?)
2025-06-30T02:46:02.196+02:00 DEBUG 8860 --- [vehicule] [           main] org.hibernate.SQL                        : select next value for jwt_seq
Hibernate: select next value for jwt_seq
2025-06-30T02:46:02.229+02:00 DEBUG 8860 --- [vehicule] [           main] org.hibernate.SQL                        : insert into jwt (desactive,expire,refresh_token_id,utilisateur_id,valeur,id) values (?,?,?,?,?,?)
Hibernate: insert into jwt (desactive,expire,refresh_token_id,utilisateur_id,valeur,id) values (?,?,?,?,?,?)
2025-06-30T02:46:02.664+02:00 DEBUG 8860 --- [vehicule] [           main] org.hibernate.SQL                        : update users set actif=?,delete_at=?,email=?,password=?,update_at=?,username=? where id=?
Hibernate: update users set actif=?,delete_at=?,email=?,password=?,update_at=?,username=? where id=?
]]></system-out>
  </testcase>
  <testcase name="testChangePassword_FailedWithEmailNotFound" classname="com.projet.testing.vehicule.UserControllerTest" time="0.23">
    <system-out><![CDATA[2025-06-30T02:46:02.898+02:00 DEBUG 8860 --- [vehicule] [           main] org.hibernate.SQL                        : select u1_0.id,u1_0.actif,u1_0.create_at,u1_0.delete_at,u1_0.email,u1_0.password,u1_0.update_at,u1_0.username from users u1_0 where u1_0.email=? and u1_0.delete_at is null
Hibernate: select u1_0.id,u1_0.actif,u1_0.create_at,u1_0.delete_at,u1_0.email,u1_0.password,u1_0.update_at,u1_0.username from users u1_0 where u1_0.email=? and u1_0.delete_at is null
]]></system-out>
    <system-err><![CDATA[Une Exception coté client a été levée
]]></system-err>
  </testcase>
  <testcase name="testUpdateUser_Success" classname="com.projet.testing.vehicule.UserControllerTest" time="1.695">
    <system-out><![CDATA[2025-06-30T02:46:03.103+02:00 DEBUG 8860 --- [vehicule] [           main] org.hibernate.SQL                        : select u1_0.id,u1_0.actif,u1_0.create_at,u1_0.delete_at,u1_0.email,u1_0.password,u1_0.update_at,u1_0.username from users u1_0 where u1_0.email=? and u1_0.delete_at is null
Hibernate: select u1_0.id,u1_0.actif,u1_0.create_at,u1_0.delete_at,u1_0.email,u1_0.password,u1_0.update_at,u1_0.username from users u1_0 where u1_0.email=? and u1_0.delete_at is null
2025-06-30T02:46:03.681+02:00 DEBUG 8860 --- [vehicule] [           main] org.hibernate.SQL                        : insert into users (actif,create_at,delete_at,email,password,update_at,username,id) values (?,?,?,?,?,?,?,?)
Hibernate: insert into users (actif,create_at,delete_at,email,password,update_at,username,id) values (?,?,?,?,?,?,?,?)
2025-06-30T02:46:04.184+02:00 DEBUG 8860 --- [vehicule] [           main] org.hibernate.SQL                        : select u1_0.id,u1_0.actif,u1_0.create_at,u1_0.delete_at,u1_0.email,u1_0.password,u1_0.update_at,u1_0.username from users u1_0 where u1_0.email=? and u1_0.delete_at is null
Hibernate: select u1_0.id,u1_0.actif,u1_0.create_at,u1_0.delete_at,u1_0.email,u1_0.password,u1_0.update_at,u1_0.username from users u1_0 where u1_0.email=? and u1_0.delete_at is null
2025-06-30T02:46:04.380+02:00 DEBUG 8860 --- [vehicule] [           main] org.hibernate.SQL                        : select u1_0.id,u1_0.actif,u1_0.create_at,u1_0.delete_at,u1_0.email,u1_0.password,u1_0.update_at,u1_0.username from users u1_0 where u1_0.id=? and u1_0.delete_at is null
Hibernate: select u1_0.id,u1_0.actif,u1_0.create_at,u1_0.delete_at,u1_0.email,u1_0.password,u1_0.update_at,u1_0.username from users u1_0 where u1_0.id=? and u1_0.delete_at is null
2025-06-30T02:46:04.701+02:00 DEBUG 8860 --- [vehicule] [           main] org.hibernate.SQL                        : select u1_0.id,u1_0.actif,u1_0.create_at,u1_0.delete_at,u1_0.email,u1_0.password,u1_0.update_at,u1_0.username from users u1_0 where u1_0.email=? and u1_0.delete_at is null
Hibernate: select u1_0.id,u1_0.actif,u1_0.create_at,u1_0.delete_at,u1_0.email,u1_0.password,u1_0.update_at,u1_0.username from users u1_0 where u1_0.email=? and u1_0.delete_at is null
2025-06-30T02:46:04.717+02:00 DEBUG 8860 --- [vehicule] [           main] org.hibernate.SQL                        : update users set actif=?,delete_at=?,email=?,password=?,update_at=?,username=? where id=?
Hibernate: update users set actif=?,delete_at=?,email=?,password=?,update_at=?,username=? where id=?
]]></system-out>
  </testcase>
  <testcase name="testLogin_Success" classname="com.projet.testing.vehicule.UserControllerTest" time="0.948">
    <system-out><![CDATA[2025-06-30T02:46:04.804+02:00 DEBUG 8860 --- [vehicule] [           main] org.hibernate.SQL                        : select u1_0.id,u1_0.actif,u1_0.create_at,u1_0.delete_at,u1_0.email,u1_0.password,u1_0.update_at,u1_0.username from users u1_0 where u1_0.email=? and u1_0.delete_at is null
Hibernate: select u1_0.id,u1_0.actif,u1_0.create_at,u1_0.delete_at,u1_0.email,u1_0.password,u1_0.update_at,u1_0.username from users u1_0 where u1_0.email=? and u1_0.delete_at is null
2025-06-30T02:46:05.215+02:00 DEBUG 8860 --- [vehicule] [           main] org.hibernate.SQL                        : insert into users (actif,create_at,delete_at,email,password,update_at,username,id) values (?,?,?,?,?,?,?,?)
Hibernate: insert into users (actif,create_at,delete_at,email,password,update_at,username,id) values (?,?,?,?,?,?,?,?)
2025-06-30T02:46:05.299+02:00 DEBUG 8860 --- [vehicule] [           main] org.hibernate.SQL                        : select u1_0.id,u1_0.actif,u1_0.create_at,u1_0.delete_at,u1_0.email,u1_0.password,u1_0.update_at,u1_0.username from users u1_0 where u1_0.email=? and u1_0.delete_at is null
Hibernate: select u1_0.id,u1_0.actif,u1_0.create_at,u1_0.delete_at,u1_0.email,u1_0.password,u1_0.update_at,u1_0.username from users u1_0 where u1_0.email=? and u1_0.delete_at is null
2025-06-30T02:46:05.615+02:00 DEBUG 8860 --- [vehicule] [           main] org.hibernate.SQL                        : select next value for refresh_token_seq
Hibernate: select next value for refresh_token_seq
2025-06-30T02:46:05.648+02:00 DEBUG 8860 --- [vehicule] [           main] org.hibernate.SQL                        : insert into refresh_token (create_at,creation,expiration,expire,update_at,valeur,id) values (?,?,?,?,?,?,?)
Hibernate: insert into refresh_token (create_at,creation,expiration,expire,update_at,valeur,id) values (?,?,?,?,?,?,?)
2025-06-30T02:46:05.648+02:00 DEBUG 8860 --- [vehicule] [           main] org.hibernate.SQL                        : select next value for jwt_seq
Hibernate: select next value for jwt_seq
2025-06-30T02:46:05.656+02:00 DEBUG 8860 --- [vehicule] [           main] org.hibernate.SQL                        : insert into jwt (desactive,expire,refresh_token_id,utilisateur_id,valeur,id) values (?,?,?,?,?,?)
Hibernate: insert into jwt (desactive,expire,refresh_token_id,utilisateur_id,valeur,id) values (?,?,?,?,?,?)
]]></system-out>
  </testcase>
  <testcase name="testRefreshTokens_Success" classname="com.projet.testing.vehicule.UserControllerTest" time="1.12">
    <system-out><![CDATA[2025-06-30T02:46:05.879+02:00 DEBUG 8860 --- [vehicule] [           main] org.hibernate.SQL                        : select u1_0.id,u1_0.actif,u1_0.create_at,u1_0.delete_at,u1_0.email,u1_0.password,u1_0.update_at,u1_0.username from users u1_0 where u1_0.email=? and u1_0.delete_at is null
Hibernate: select u1_0.id,u1_0.actif,u1_0.create_at,u1_0.delete_at,u1_0.email,u1_0.password,u1_0.update_at,u1_0.username from users u1_0 where u1_0.email=? and u1_0.delete_at is null
2025-06-30T02:46:06.197+02:00 DEBUG 8860 --- [vehicule] [           main] org.hibernate.SQL                        : insert into users (actif,create_at,delete_at,email,password,update_at,username,id) values (?,?,?,?,?,?,?,?)
Hibernate: insert into users (actif,create_at,delete_at,email,password,update_at,username,id) values (?,?,?,?,?,?,?,?)
2025-06-30T02:46:06.266+02:00 DEBUG 8860 --- [vehicule] [           main] org.hibernate.SQL                        : select u1_0.id,u1_0.actif,u1_0.create_at,u1_0.delete_at,u1_0.email,u1_0.password,u1_0.update_at,u1_0.username from users u1_0 where u1_0.email=? and u1_0.delete_at is null
Hibernate: select u1_0.id,u1_0.actif,u1_0.create_at,u1_0.delete_at,u1_0.email,u1_0.password,u1_0.update_at,u1_0.username from users u1_0 where u1_0.email=? and u1_0.delete_at is null
2025-06-30T02:46:06.294+02:00 DEBUG 8860 --- [vehicule] [           main] org.hibernate.SQL                        : select next value for refresh_token_seq
Hibernate: select next value for refresh_token_seq
2025-06-30T02:46:06.294+02:00 DEBUG 8860 --- [vehicule] [           main] org.hibernate.SQL                        : select next value for jwt_seq
Hibernate: select next value for jwt_seq
2025-06-30T02:46:06.450+02:00 DEBUG 8860 --- [vehicule] [           main] org.hibernate.SQL                        : insert into refresh_token (create_at,creation,expiration,expire,update_at,valeur,id) values (?,?,?,?,?,?,?)
Hibernate: insert into refresh_token (create_at,creation,expiration,expire,update_at,valeur,id) values (?,?,?,?,?,?,?)
2025-06-30T02:46:06.450+02:00 DEBUG 8860 --- [vehicule] [           main] org.hibernate.SQL                        : insert into jwt (desactive,expire,refresh_token_id,utilisateur_id,valeur,id) values (?,?,?,?,?,?)
Hibernate: insert into jwt (desactive,expire,refresh_token_id,utilisateur_id,valeur,id) values (?,?,?,?,?,?)
2025-06-30T02:46:06.466+02:00 DEBUG 8860 --- [vehicule] [           main] org.hibernate.SQL                        : select rt1_0.id,rt1_0.create_at,rt1_0.creation,rt1_0.expiration,rt1_0.expire,rt1_0.update_at,rt1_0.valeur from refresh_token rt1_0 where rt1_0.valeur=? and not(rt1_0.expire)
Hibernate: select rt1_0.id,rt1_0.create_at,rt1_0.creation,rt1_0.expiration,rt1_0.expire,rt1_0.update_at,rt1_0.valeur from refresh_token rt1_0 where rt1_0.valeur=? and not(rt1_0.expire)
2025-06-30T02:46:06.669+02:00 DEBUG 8860 --- [vehicule] [           main] org.hibernate.SQL                        : select j1_0.id,j1_0.desactive,j1_0.expire,j1_0.refresh_token_id,j1_0.utilisateur_id,j1_0.valeur from jwt j1_0 where j1_0.refresh_token_id=?
Hibernate: select j1_0.id,j1_0.desactive,j1_0.expire,j1_0.refresh_token_id,j1_0.utilisateur_id,j1_0.valeur from jwt j1_0 where j1_0.refresh_token_id=?
2025-06-30T02:46:06.768+02:00 DEBUG 8860 --- [vehicule] [           main] org.hibernate.SQL                        : select next value for refresh_token_seq
Hibernate: select next value for refresh_token_seq
2025-06-30T02:46:06.782+02:00 DEBUG 8860 --- [vehicule] [           main] org.hibernate.SQL                        : select next value for jwt_seq
Hibernate: select next value for jwt_seq
]]></system-out>
    <system-err><![CDATA[Echec du test du a un user inexistant pour l'email de test
]]></system-err>
  </testcase>
  <testcase name="testAddUser_Success" classname="com.projet.testing.vehicule.UserControllerTest" time="0.431">
    <system-out><![CDATA[2025-06-30T02:46:06.886+02:00 DEBUG 8860 --- [vehicule] [           main] org.hibernate.SQL                        : select u1_0.id,u1_0.actif,u1_0.create_at,u1_0.delete_at,u1_0.email,u1_0.password,u1_0.update_at,u1_0.username from users u1_0 where u1_0.email=? and u1_0.delete_at is null
Hibernate: select u1_0.id,u1_0.actif,u1_0.create_at,u1_0.delete_at,u1_0.email,u1_0.password,u1_0.update_at,u1_0.username from users u1_0 where u1_0.email=? and u1_0.delete_at is null
2025-06-30T02:46:07.235+02:00 DEBUG 8860 --- [vehicule] [           main] org.hibernate.SQL                        : insert into users (actif,create_at,delete_at,email,password,update_at,username,id) values (?,?,?,?,?,?,?,?)
Hibernate: insert into users (actif,create_at,delete_at,email,password,update_at,username,id) values (?,?,?,?,?,?,?,?)
]]></system-out>
  </testcase>
  <testcase name="testRefreshAccessToken_InvalidToken" classname="com.projet.testing.vehicule.UserControllerTest" time="0.166"/>
  <testcase name="testLogin_InvalidCredentials" classname="com.projet.testing.vehicule.UserControllerTest" time="0.224">
    <system-out><![CDATA[2025-06-30T02:46:07.464+02:00 DEBUG 8860 --- [vehicule] [           main] org.hibernate.SQL                        : select u1_0.id,u1_0.actif,u1_0.create_at,u1_0.delete_at,u1_0.email,u1_0.password,u1_0.update_at,u1_0.username from users u1_0 where u1_0.email=? and u1_0.delete_at is null
Hibernate: select u1_0.id,u1_0.actif,u1_0.create_at,u1_0.delete_at,u1_0.email,u1_0.password,u1_0.update_at,u1_0.username from users u1_0 where u1_0.email=? and u1_0.delete_at is null
2025-06-30T02:46:07.649+02:00 DEBUG 8860 --- [vehicule] [           main] org.hibernate.SQL                        : select u1_0.id,u1_0.actif,u1_0.create_at,u1_0.delete_at,u1_0.email,u1_0.password,u1_0.update_at,u1_0.username from users u1_0 where u1_0.email=? and u1_0.delete_at is null
Hibernate: select u1_0.id,u1_0.actif,u1_0.create_at,u1_0.delete_at,u1_0.email,u1_0.password,u1_0.update_at,u1_0.username from users u1_0 where u1_0.email=? and u1_0.delete_at is null
]]></system-out>
    <system-err><![CDATA[Une Exception coté client a été levée
Une Exception coté client a été levée
]]></system-err>
  </testcase>
  <testcase name="testRefreshAccessToken_WithRefreshTokenNotFound" classname="com.projet.testing.vehicule.UserControllerTest" time="0.098">
    <system-out><![CDATA[2025-06-30T02:46:07.748+02:00 DEBUG 8860 --- [vehicule] [           main] org.hibernate.SQL                        : select rt1_0.id,rt1_0.create_at,rt1_0.creation,rt1_0.expiration,rt1_0.expire,rt1_0.update_at,rt1_0.valeur from refresh_token rt1_0 where rt1_0.valeur=? and not(rt1_0.expire)
Hibernate: select rt1_0.id,rt1_0.create_at,rt1_0.creation,rt1_0.expiration,rt1_0.expire,rt1_0.update_at,rt1_0.valeur from refresh_token rt1_0 where rt1_0.valeur=? and not(rt1_0.expire)
]]></system-out>
    <system-err><![CDATA[Une Exception coté client a été levée
]]></system-err>
  </testcase>
  <testcase name="testUpdateUser_NotFound" classname="com.projet.testing.vehicule.UserControllerTest" time="0.092">
    <system-out><![CDATA[2025-06-30T02:46:07.834+02:00 DEBUG 8860 --- [vehicule] [           main] org.hibernate.SQL                        : select u1_0.id,u1_0.actif,u1_0.create_at,u1_0.delete_at,u1_0.email,u1_0.password,u1_0.update_at,u1_0.username from users u1_0 where u1_0.id=? and u1_0.delete_at is null
Hibernate: select u1_0.id,u1_0.actif,u1_0.create_at,u1_0.delete_at,u1_0.email,u1_0.password,u1_0.update_at,u1_0.username from users u1_0 where u1_0.id=? and u1_0.delete_at is null
]]></system-out>
    <system-err><![CDATA[Une Exception coté client a été levée
]]></system-err>
  </testcase>
  <testcase name="testUpdateUser_InvalidEmail" classname="com.projet.testing.vehicule.UserControllerTest" time="0.266">
    <system-out><![CDATA[2025-06-30T02:46:07.885+02:00 DEBUG 8860 --- [vehicule] [           main] org.hibernate.SQL                        : select u1_0.id,u1_0.actif,u1_0.create_at,u1_0.delete_at,u1_0.email,u1_0.password,u1_0.update_at,u1_0.username from users u1_0 where u1_0.email=? and u1_0.delete_at is null
Hibernate: select u1_0.id,u1_0.actif,u1_0.create_at,u1_0.delete_at,u1_0.email,u1_0.password,u1_0.update_at,u1_0.username from users u1_0 where u1_0.email=? and u1_0.delete_at is null
2025-06-30T02:46:07.900+02:00 DEBUG 8860 --- [vehicule] [           main] org.hibernate.SQL                        : select u1_0.id,u1_0.actif,u1_0.create_at,u1_0.delete_at,u1_0.email,u1_0.password,u1_0.update_at,u1_0.username from users u1_0 where u1_0.id=? and u1_0.delete_at is null
Hibernate: select u1_0.id,u1_0.actif,u1_0.create_at,u1_0.delete_at,u1_0.email,u1_0.password,u1_0.update_at,u1_0.username from users u1_0 where u1_0.id=? and u1_0.delete_at is null
2025-06-30T02:46:08.097+02:00 DEBUG 8860 --- [vehicule] [           main] org.hibernate.SQL                        : select u1_0.id,u1_0.actif,u1_0.create_at,u1_0.delete_at,u1_0.email,u1_0.password,u1_0.update_at,u1_0.username from users u1_0 where u1_0.email=? and u1_0.delete_at is null
Hibernate: select u1_0.id,u1_0.actif,u1_0.create_at,u1_0.delete_at,u1_0.email,u1_0.password,u1_0.update_at,u1_0.username from users u1_0 where u1_0.email=? and u1_0.delete_at is null
]]></system-out>
    <system-err><![CDATA[Une Exception coté client a été levée
]]></system-err>
  </testcase>
  <testcase name="testRefreshAccessToken_ExpiredToken" classname="com.projet.testing.vehicule.UserControllerTest" time="0.117"/>
  <testcase name="testChangePassword_WeakPassword" classname="com.projet.testing.vehicule.UserControllerTest" time="0.281">
    <system-out><![CDATA[2025-06-30T02:46:08.281+02:00 DEBUG 8860 --- [vehicule] [           main] org.hibernate.SQL                        : select u1_0.id,u1_0.actif,u1_0.create_at,u1_0.delete_at,u1_0.email,u1_0.password,u1_0.update_at,u1_0.username from users u1_0 where u1_0.email=? and u1_0.delete_at is null
Hibernate: select u1_0.id,u1_0.actif,u1_0.create_at,u1_0.delete_at,u1_0.email,u1_0.password,u1_0.update_at,u1_0.username from users u1_0 where u1_0.email=? and u1_0.delete_at is null
2025-06-30T02:46:08.306+02:00 DEBUG 8860 --- [vehicule] [           main] org.hibernate.SQL                        : select u1_0.id,u1_0.actif,u1_0.create_at,u1_0.delete_at,u1_0.email,u1_0.password,u1_0.update_at,u1_0.username from users u1_0 where u1_0.email=? and u1_0.delete_at is null
Hibernate: select u1_0.id,u1_0.actif,u1_0.create_at,u1_0.delete_at,u1_0.email,u1_0.password,u1_0.update_at,u1_0.username from users u1_0 where u1_0.email=? and u1_0.delete_at is null
2025-06-30T02:46:08.500+02:00 DEBUG 8860 --- [vehicule] [           main] org.hibernate.SQL                        : select next value for refresh_token_seq
Hibernate: select next value for refresh_token_seq
2025-06-30T02:46:08.513+02:00 DEBUG 8860 --- [vehicule] [           main] org.hibernate.SQL                        : insert into refresh_token (create_at,creation,expiration,expire,update_at,valeur,id) values (?,?,?,?,?,?,?)
Hibernate: insert into refresh_token (create_at,creation,expiration,expire,update_at,valeur,id) values (?,?,?,?,?,?,?)
2025-06-30T02:46:08.513+02:00 DEBUG 8860 --- [vehicule] [           main] org.hibernate.SQL                        : select next value for jwt_seq
Hibernate: select next value for jwt_seq
2025-06-30T02:46:08.513+02:00 DEBUG 8860 --- [vehicule] [           main] org.hibernate.SQL                        : insert into jwt (desactive,expire,refresh_token_id,utilisateur_id,valeur,id) values (?,?,?,?,?,?)
Hibernate: insert into jwt (desactive,expire,refresh_token_id,utilisateur_id,valeur,id) values (?,?,?,?,?,?)
]]></system-out>
    <system-err><![CDATA[Une Exception coté client a été levée
]]></system-err>
  </testcase>
  <testcase name="testRefreshTokens_WithRefreshTokenNotFound" classname="com.projet.testing.vehicule.UserControllerTest" time="0.052">
    <system-out><![CDATA[2025-06-30T02:46:08.556+02:00 DEBUG 8860 --- [vehicule] [           main] org.hibernate.SQL                        : select rt1_0.id,rt1_0.create_at,rt1_0.creation,rt1_0.expiration,rt1_0.expire,rt1_0.update_at,rt1_0.valeur from refresh_token rt1_0 where rt1_0.valeur=? and not(rt1_0.expire)
Hibernate: select rt1_0.id,rt1_0.create_at,rt1_0.creation,rt1_0.expiration,rt1_0.expire,rt1_0.update_at,rt1_0.valeur from refresh_token rt1_0 where rt1_0.valeur=? and not(rt1_0.expire)
]]></system-out>
    <system-err><![CDATA[Une Exception coté client a été levée
]]></system-err>
  </testcase>
  <testcase name="testChangePassword_WrongOldPassword" classname="com.projet.testing.vehicule.UserControllerTest" time="0.333">
    <system-out><![CDATA[2025-06-30T02:46:08.616+02:00 DEBUG 8860 --- [vehicule] [           main] org.hibernate.SQL                        : select u1_0.id,u1_0.actif,u1_0.create_at,u1_0.delete_at,u1_0.email,u1_0.password,u1_0.update_at,u1_0.username from users u1_0 where u1_0.email=? and u1_0.delete_at is null
Hibernate: select u1_0.id,u1_0.actif,u1_0.create_at,u1_0.delete_at,u1_0.email,u1_0.password,u1_0.update_at,u1_0.username from users u1_0 where u1_0.email=? and u1_0.delete_at is null
2025-06-30T02:46:08.633+02:00 DEBUG 8860 --- [vehicule] [           main] org.hibernate.SQL                        : select u1_0.id,u1_0.actif,u1_0.create_at,u1_0.delete_at,u1_0.email,u1_0.password,u1_0.update_at,u1_0.username from users u1_0 where u1_0.email=? and u1_0.delete_at is null
Hibernate: select u1_0.id,u1_0.actif,u1_0.create_at,u1_0.delete_at,u1_0.email,u1_0.password,u1_0.update_at,u1_0.username from users u1_0 where u1_0.email=? and u1_0.delete_at is null
]]></system-out>
    <system-err><![CDATA[Une Exception coté client a été levée
]]></system-err>
  </testcase>
  <testcase name="testGetAllUsers_Success" classname="com.projet.testing.vehicule.UserControllerTest" time="0.069">
    <system-out><![CDATA[2025-06-30T02:46:08.960+02:00 DEBUG 8860 --- [vehicule] [           main] org.hibernate.SQL                        : select u1_0.id,u1_0.actif,u1_0.create_at,u1_0.delete_at,u1_0.email,u1_0.password,u1_0.update_at,u1_0.username from users u1_0 where u1_0.delete_at is null
Hibernate: select u1_0.id,u1_0.actif,u1_0.create_at,u1_0.delete_at,u1_0.email,u1_0.password,u1_0.update_at,u1_0.username from users u1_0 where u1_0.delete_at is null
]]></system-out>
  </testcase>
  <testcase name="testRefreshTokens_With_RefreshToken_Not_Expired" classname="com.projet.testing.vehicule.UserControllerTest" time="0.348">
    <system-out><![CDATA[2025-06-30T02:46:09.035+02:00 DEBUG 8860 --- [vehicule] [           main] org.hibernate.SQL                        : select u1_0.id,u1_0.actif,u1_0.create_at,u1_0.delete_at,u1_0.email,u1_0.password,u1_0.update_at,u1_0.username from users u1_0 where u1_0.email=? and u1_0.delete_at is null
Hibernate: select u1_0.id,u1_0.actif,u1_0.create_at,u1_0.delete_at,u1_0.email,u1_0.password,u1_0.update_at,u1_0.username from users u1_0 where u1_0.email=? and u1_0.delete_at is null
2025-06-30T02:46:09.278+02:00 DEBUG 8860 --- [vehicule] [           main] org.hibernate.SQL                        : select next value for refresh_token_seq
Hibernate: select next value for refresh_token_seq
2025-06-30T02:46:09.278+02:00 DEBUG 8860 --- [vehicule] [           main] org.hibernate.SQL                        : select next value for jwt_seq
Hibernate: select next value for jwt_seq
2025-06-30T02:46:09.278+02:00 DEBUG 8860 --- [vehicule] [           main] org.hibernate.SQL                        : insert into refresh_token (create_at,creation,expiration,expire,update_at,valeur,id) values (?,?,?,?,?,?,?)
Hibernate: insert into refresh_token (create_at,creation,expiration,expire,update_at,valeur,id) values (?,?,?,?,?,?,?)
2025-06-30T02:46:09.299+02:00 DEBUG 8860 --- [vehicule] [           main] org.hibernate.SQL                        : insert into jwt (desactive,expire,refresh_token_id,utilisateur_id,valeur,id) values (?,?,?,?,?,?)
Hibernate: insert into jwt (desactive,expire,refresh_token_id,utilisateur_id,valeur,id) values (?,?,?,?,?,?)
2025-06-30T02:46:09.299+02:00 DEBUG 8860 --- [vehicule] [           main] org.hibernate.SQL                        : select rt1_0.id,rt1_0.create_at,rt1_0.creation,rt1_0.expiration,rt1_0.expire,rt1_0.update_at,rt1_0.valeur from refresh_token rt1_0 where rt1_0.valeur=? and not(rt1_0.expire)
Hibernate: select rt1_0.id,rt1_0.create_at,rt1_0.creation,rt1_0.expiration,rt1_0.expire,rt1_0.update_at,rt1_0.valeur from refresh_token rt1_0 where rt1_0.valeur=? and not(rt1_0.expire)
]]></system-out>
    <system-err><![CDATA[Une Exception coté client a été levée
]]></system-err>
  </testcase>
  <testcase name="testAddUser_InvalidEmail" classname="com.projet.testing.vehicule.UserControllerTest" time="0.172">
    <system-out><![CDATA[2025-06-30T02:46:09.434+02:00 DEBUG 8860 --- [vehicule] [           main] org.hibernate.SQL                        : select u1_0.id,u1_0.actif,u1_0.create_at,u1_0.delete_at,u1_0.email,u1_0.password,u1_0.update_at,u1_0.username from users u1_0 where u1_0.email=? and u1_0.delete_at is null
Hibernate: select u1_0.id,u1_0.actif,u1_0.create_at,u1_0.delete_at,u1_0.email,u1_0.password,u1_0.update_at,u1_0.username from users u1_0 where u1_0.email=? and u1_0.delete_at is null
]]></system-out>
    <system-err><![CDATA[Une Exception coté client a été levée
]]></system-err>
  </testcase>
  <testcase name="testAddUser_WeakPassword" classname="com.projet.testing.vehicule.UserControllerTest" time="0.082"/>
  <testcase name="testRefreshAccessToken_Success" classname="com.projet.testing.vehicule.UserControllerTest" time="0.439">
    <system-out><![CDATA[2025-06-30T02:46:09.632+02:00 DEBUG 8860 --- [vehicule] [           main] org.hibernate.SQL                        : select u1_0.id,u1_0.actif,u1_0.create_at,u1_0.delete_at,u1_0.email,u1_0.password,u1_0.update_at,u1_0.username from users u1_0 where u1_0.email=? and u1_0.delete_at is null
Hibernate: select u1_0.id,u1_0.actif,u1_0.create_at,u1_0.delete_at,u1_0.email,u1_0.password,u1_0.update_at,u1_0.username from users u1_0 where u1_0.email=? and u1_0.delete_at is null
2025-06-30T02:46:09.846+02:00 DEBUG 8860 --- [vehicule] [           main] org.hibernate.SQL                        : select next value for refresh_token_seq
Hibernate: select next value for refresh_token_seq
2025-06-30T02:46:09.846+02:00 DEBUG 8860 --- [vehicule] [           main] org.hibernate.SQL                        : select next value for jwt_seq
Hibernate: select next value for jwt_seq
2025-06-30T02:46:09.883+02:00 DEBUG 8860 --- [vehicule] [           main] org.hibernate.SQL                        : insert into refresh_token (create_at,creation,expiration,expire,update_at,valeur,id) values (?,?,?,?,?,?,?)
Hibernate: insert into refresh_token (create_at,creation,expiration,expire,update_at,valeur,id) values (?,?,?,?,?,?,?)
2025-06-30T02:46:09.897+02:00 DEBUG 8860 --- [vehicule] [           main] org.hibernate.SQL                        : insert into jwt (desactive,expire,refresh_token_id,utilisateur_id,valeur,id) values (?,?,?,?,?,?)
Hibernate: insert into jwt (desactive,expire,refresh_token_id,utilisateur_id,valeur,id) values (?,?,?,?,?,?)
2025-06-30T02:46:09.915+02:00 DEBUG 8860 --- [vehicule] [           main] org.hibernate.SQL                        : select rt1_0.id,rt1_0.create_at,rt1_0.creation,rt1_0.expiration,rt1_0.expire,rt1_0.update_at,rt1_0.valeur from refresh_token rt1_0 where rt1_0.valeur=? and not(rt1_0.expire)
Hibernate: select rt1_0.id,rt1_0.create_at,rt1_0.creation,rt1_0.expiration,rt1_0.expire,rt1_0.update_at,rt1_0.valeur from refresh_token rt1_0 where rt1_0.valeur=? and not(rt1_0.expire)
2025-06-30T02:46:09.929+02:00 DEBUG 8860 --- [vehicule] [           main] org.hibernate.SQL                        : select j1_0.id,j1_0.desactive,j1_0.expire,j1_0.refresh_token_id,j1_0.utilisateur_id,j1_0.valeur from jwt j1_0 where j1_0.refresh_token_id=?
Hibernate: select j1_0.id,j1_0.desactive,j1_0.expire,j1_0.refresh_token_id,j1_0.utilisateur_id,j1_0.valeur from jwt j1_0 where j1_0.refresh_token_id=?
]]></system-out>
  </testcase>
  <testcase name="testGetUser_FailedWithNotFoundEmail" classname="com.projet.testing.vehicule.UserControllerTest" time="0.105">
    <system-out><![CDATA[2025-06-30T02:46:10.121+02:00 DEBUG 8860 --- [vehicule] [           main] org.hibernate.SQL                        : select u1_0.id,u1_0.actif,u1_0.create_at,u1_0.delete_at,u1_0.email,u1_0.password,u1_0.update_at,u1_0.username from users u1_0 where u1_0.email=? and u1_0.delete_at is null
Hibernate: select u1_0.id,u1_0.actif,u1_0.create_at,u1_0.delete_at,u1_0.email,u1_0.password,u1_0.update_at,u1_0.username from users u1_0 where u1_0.email=? and u1_0.delete_at is null
]]></system-out>
    <system-err><![CDATA[Une Exception coté client a été levée
]]></system-err>
  </testcase>
</testsuite>