<?xml version="1.0" encoding="UTF-8"?>
<testsuite xmlns:xsi="http://www.w3.org/2001/XMLSchema-instance" xsi:noNamespaceSchemaLocation="https://maven.apache.org/surefire/maven-surefire-plugin/xsd/surefire-test-report.xsd" version="3.0.2" name="com.api.user.UserApplicationTests" time="125.163" tests="1" errors="0" skipped="0" failures="0">
  <properties>
[...]
</properties>
  <testcase name="contextLoads" classname="com.api.user.UserApplicationTests" time="3.783">
    <system-out><![CDATA[18:17:29.357 [main] INFO org.springframework.test.context.support.AnnotationConfigContextLoaderUtils -- Could not detect default configuration classes for test class [com.api.user.UserApplicationTests]: UserApplicationTests does not declare any static, non-private, non-final, nested classes annotated with @Configuration.
18:17:30.766 [main] INFO org.springframework.boot.test.context.SpringBootTestContextBootstrapper -- Found @SpringBootConfiguration com.api.user.UserApplication for test class com.api.user.UserApplicationTests

  .   ____          _            __ _ _
 /\\ / ___'_ __ _ _(_)_ __  __ _ \ \ \ \
( ( )\___ | '_ | '_| | '_ \/ _` | \ \ \ \
 \\/  ___)| |_)| | | | | || (_| |  ) ) ) )
  '  |____| .__|_| |_|_| |_\__, | / / / /
 =========|_|==============|___/=/_/_/_/

 :: Spring Boot ::                (v3.4.5)

2025-04-26T18:17:34.619+01:00  INFO 18469 --- [User] [           main] com.api.user.UserApplicationTests        : Starting UserApplicationTests using Java 21.0.6 with PID 18469 (started by danilo in /home/danilo/INF352/projet/User)
2025-04-26T18:17:34.623+01:00  INFO 18469 --- [User] [           main] com.api.user.UserApplicationTests        : No active profile set, falling back to 1 default profile: "default"
2025-04-26T18:17:39.013+01:00  INFO 18469 --- [User] [           main] .s.d.r.c.RepositoryConfigurationDelegate : Bootstrapping Spring Data JPA repositories in DEFAULT mode.
2025-04-26T18:17:39.106+01:00  INFO 18469 --- [User] [           main] .s.d.r.c.RepositoryConfigurationDelegate : Finished Spring Data repository scanning in 19 ms. Found 0 JPA repository interfaces.
2025-04-26T18:17:40.608+01:00  INFO 18469 --- [User] [           main] org.testcontainers.images.PullPolicy     : Image pull policy will be performed by: DefaultPullPolicy()
2025-04-26T18:17:40.613+01:00  INFO 18469 --- [User] [           main] o.t.utility.ImageNameSubstitutor         : Image name substitution will be performed by: DefaultImageNameSubstitutor (composite of 'ConfigurationFileImageNameSubstitutor' and 'PrefixingImageNameSubstitutor')
2025-04-26T18:17:40.757+01:00  INFO 18469 --- [User] [           main] org.testcontainers.DockerClientFactory   : Testcontainers version: 1.20.6
2025-04-26T18:17:44.596+01:00  INFO 18469 --- [User] [           main] o.t.d.DockerClientProviderStrategy       : Loaded org.testcontainers.dockerclient.UnixSocketClientProviderStrategy from ~/.testcontainers.properties, will try it first
2025-04-26T18:18:00.648+01:00  INFO 18469 --- [User] [           main] o.t.d.DockerClientProviderStrategy       : Found Docker environment with local Unix socket (unix:///var/run/docker.sock)
2025-04-26T18:18:00.670+01:00  INFO 18469 --- [User] [           main] org.testcontainers.DockerClientFactory   : Docker host IP address is localhost
2025-04-26T18:18:00.947+01:00  INFO 18469 --- [User] [           main] org.testcontainers.DockerClientFactory   : Connected to docker: 
  Server Version: 28.0.4
  API Version: 1.48
  Operating System: Ubuntu 22.04.5 LTS
  Total Memory: 3885 MB
2025-04-26T18:18:03.770+01:00  INFO 18469 --- [User] [           main] tc.testcontainers/ryuk:0.11.0            : Creating container for image: testcontainers/ryuk:0.11.0
2025-04-26T18:18:03.854+01:00  INFO 18469 --- [User] [           main] o.t.utility.RegistryAuthLocator          : Failure when attempting to lookup auth config. Please ignore if you don't have images in an authenticated registry. Details: (dockerImageName: testcontainers/ryuk:0.11.0, configFile: /home/danilo/.docker/config.json, configEnv: DOCKER_AUTH_CONFIG). Falling back to docker-java default behaviour. Exception message: Status 404: No config supplied. Checked in order: /home/danilo/.docker/config.json (file not found), DOCKER_AUTH_CONFIG (not set)
2025-04-26T18:18:11.745+01:00  INFO 18469 --- [User] [           main] tc.testcontainers/ryuk:0.11.0            : Container testcontainers/ryuk:0.11.0 is starting: 8dc091889148ba330df3bc7c8411b4c02c421b7f09400d7933dae8f02f2f1ffb
2025-04-26T18:18:39.298+01:00  INFO 18469 --- [User] [           main] tc.testcontainers/ryuk:0.11.0            : Container testcontainers/ryuk:0.11.0 started in PT35.493606754S
2025-04-26T18:18:39.471+01:00  INFO 18469 --- [User] [           main] o.t.utility.RyukResourceReaper           : Ryuk started - will monitor and terminate Testcontainers containers on JVM exit
2025-04-26T18:18:39.472+01:00  INFO 18469 --- [User] [           main] org.testcontainers.DockerClientFactory   : Checking the system...
2025-04-26T18:18:39.475+01:00  INFO 18469 --- [User] [           main] org.testcontainers.DockerClientFactory   : ✔︎ Docker server version should be at least 1.6.0
2025-04-26T18:18:39.478+01:00  INFO 18469 --- [User] [           main] tc.postgres:latest                       : Creating container for image: postgres:latest
2025-04-26T18:18:47.747+01:00  INFO 18469 --- [User] [           main] tc.postgres:latest                       : Container postgres:latest is starting: 44a3d80a45b628fd495b94b36a1874637ec2383ef7fc34f30786ce13ef8cfef2
2025-04-26T18:19:17.722+01:00  INFO 18469 --- [User] [           main] tc.postgres:latest                       : Container postgres:latest started in PT38.243179867S
2025-04-26T18:19:17.723+01:00  INFO 18469 --- [User] [           main] tc.postgres:latest                       : Container is started (JDBC URL: jdbc:postgresql://localhost:32771/test?loggerLevel=OFF)
2025-04-26T18:19:18.398+01:00  INFO 18469 --- [User] [           main] o.hibernate.jpa.internal.util.LogHelper  : HHH000204: Processing PersistenceUnitInfo [name: default]
2025-04-26T18:19:18.759+01:00  INFO 18469 --- [User] [           main] org.hibernate.Version                    : HHH000412: Hibernate ORM core version 6.6.13.Final
2025-04-26T18:19:18.969+01:00  INFO 18469 --- [User] [           main] o.h.c.internal.RegionFactoryInitiator    : HHH000026: Second-level cache disabled
2025-04-26T18:19:20.037+01:00  INFO 18469 --- [User] [           main] o.s.o.j.p.SpringPersistenceUnitInfo      : No LoadTimeWeaver setup: ignoring JPA class transformer
2025-04-26T18:19:20.365+01:00  INFO 18469 --- [User] [           main] com.zaxxer.hikari.HikariDataSource       : HikariPool-1 - Starting...
2025-04-26T18:19:21.354+01:00  INFO 18469 --- [User] [           main] com.zaxxer.hikari.pool.HikariPool        : HikariPool-1 - Added connection org.postgresql.jdbc.PgConnection@603b9d4b
2025-04-26T18:19:21.357+01:00  INFO 18469 --- [User] [           main] com.zaxxer.hikari.HikariDataSource       : HikariPool-1 - Start completed.
2025-04-26T18:19:21.578+01:00  WARN 18469 --- [User] [           main] org.hibernate.orm.deprecation            : HHH90000025: PostgreSQLDialect does not need to be specified explicitly using 'hibernate.dialect' (remove the property setting and it will be selected by default)
2025-04-26T18:19:21.656+01:00  INFO 18469 --- [User] [           main] org.hibernate.orm.connections.pooling    : HHH10001005: Database info:
	Database JDBC URL [Connecting through datasource 'HikariDataSource (HikariPool-1)']
	Database driver: undefined/unknown
	Database version: 17.2
	Autocommit mode: undefined/unknown
	Isolation level: undefined/unknown
	Minimum pool size: undefined/unknown
	Maximum pool size: undefined/unknown
2025-04-26T18:19:25.396+01:00  INFO 18469 --- [User] [           main] o.h.e.t.j.p.i.JtaPlatformInitiator       : HHH000489: No JTA platform available (set 'hibernate.transaction.jta.platform' to enable JTA platform integration)
2025-04-26T18:19:25.403+01:00  INFO 18469 --- [User] [           main] j.LocalContainerEntityManagerFactoryBean : Initialized JPA EntityManagerFactory for persistence unit 'default'
2025-04-26T18:19:26.135+01:00  WARN 18469 --- [User] [           main] JpaBaseConfiguration$JpaWebConfiguration : spring.jpa.open-in-view is enabled by default. Therefore, database queries may be performed during view rendering. Explicitly configure spring.jpa.open-in-view to disable this warning
2025-04-26T18:19:28.476+01:00  WARN 18469 --- [User] [           main] .s.s.UserDetailsServiceAutoConfiguration : 

Using generated security password: 988619ab-2405-4cda-b585-c75d149b9649

This generated password is for development use only. Your security configuration must be updated before running your application in production.

2025-04-26T18:19:28.526+01:00  INFO 18469 --- [User] [           main] r$InitializeUserDetailsManagerConfigurer : Global AuthenticationManager configured with UserDetailsService bean with name inMemoryUserDetailsManager
2025-04-26T18:19:29.117+01:00  INFO 18469 --- [User] [           main] com.api.user.UserApplicationTests        : Started UserApplicationTests in 116.963 seconds (process running for 124.294)
]]></system-out>
    <system-err><![CDATA[Mockito is currently self-attaching to enable the inline-mock-maker. This will no longer work in future releases of the JDK. Please add Mockito as an agent to your build what is described in Mockito's documentation: https://javadoc.io/doc/org.mockito/mockito-core/latest/org/mockito/Mockito.html#0.3
WARNING: A Java agent has been loaded dynamically (/home/danilo/.m2/repository/net/bytebuddy/byte-buddy-agent/1.15.11/byte-buddy-agent-1.15.11.jar)
WARNING: If a serviceability tool is in use, please run with -XX:+EnableDynamicAgentLoading to hide this warning
WARNING: If a serviceability tool is not in use, please run with -Djdk.instrument.traceUsage for more information
WARNING: Dynamic loading of agents will be disallowed by default in a future release
]]></system-err>
  </testcase>
</testsuite>